[0.540s] DEBUG:colcon:Command line arguments: ['/usr/bin/colcon', 'build', '--symlink-install']
[0.540s] DEBUG:colcon:Parsed command line arguments: Namespace(log_base=None, log_level=None, verb_name='build', build_base='build', install_base='install', merge_install=False, symlink_install=True, test_result_base=None, continue_on_error=False, executor='parallel', parallel_workers=3, event_handlers=None, ignore_user_meta=False, metas=['./colcon.meta'], base_paths=['.'], packages_ignore=None, packages_ignore_regex=None, paths=None, packages_up_to=None, packages_up_to_regex=None, packages_above=None, packages_above_and_dependencies=None, packages_above_depth=None, packages_select_by_dep=None, packages_skip_by_dep=None, packages_skip_up_to=None, packages_select_build_failed=False, packages_skip_build_finished=False, packages_select_test_failures=False, packages_skip_test_passed=False, packages_select=None, packages_skip=None, packages_select_regex=None, packages_skip_regex=None, packages_start=None, packages_end=None, allow_overriding=[], cmake_args=None, cmake_target=None, cmake_target_skip_unavailable=False, cmake_clean_cache=False, cmake_clean_first=False, cmake_force_configure=False, ament_cmake_args=None, catkin_cmake_args=None, catkin_skip_building_tests=False, verb_parser=<colcon_defaults.argument_parser.defaults.DefaultArgumentsDecorator object at 0x79bce123c820>, verb_extension=<colcon_core.verb.build.BuildVerb object at 0x79bce123c3a0>, main=<bound method BuildVerb.main of <colcon_core.verb.build.BuildVerb object at 0x79bce123c3a0>>)
[1.668s] Level 1:colcon.colcon_core.package_discovery:discover_packages(colcon_meta) check parameters
[1.668s] Level 1:colcon.colcon_core.package_discovery:discover_packages(recursive) check parameters
[1.668s] Level 1:colcon.colcon_core.package_discovery:discover_packages(ignore) check parameters
[1.669s] Level 1:colcon.colcon_core.package_discovery:discover_packages(path) check parameters
[1.669s] Level 1:colcon.colcon_core.package_discovery:discover_packages(colcon_meta) discover
[1.669s] Level 1:colcon.colcon_core.package_discovery:discover_packages(recursive) discover
[1.669s] INFO:colcon.colcon_core.package_discovery:Crawling recursively for packages in '/home/kv/ME_ws'
[1.671s] Level 1:colcon.colcon_core.package_identification:_identify(.) by extensions ['ignore', 'ignore_ament_install']
[1.671s] Level 1:colcon.colcon_core.package_identification:_identify(.) by extension 'ignore'
[1.672s] Level 1:colcon.colcon_core.package_identification:_identify(.) by extension 'ignore_ament_install'
[1.672s] Level 1:colcon.colcon_core.package_identification:_identify(.) by extensions ['colcon_pkg']
[1.673s] Level 1:colcon.colcon_core.package_identification:_identify(.) by extension 'colcon_pkg'
[1.673s] Level 1:colcon.colcon_core.package_identification:_identify(.) by extensions ['colcon_meta']
[1.673s] Level 1:colcon.colcon_core.package_identification:_identify(.) by extension 'colcon_meta'
[1.673s] Level 1:colcon.colcon_core.package_identification:_identify(.) by extensions ['ros']
[1.673s] Level 1:colcon.colcon_core.package_identification:_identify(.) by extension 'ros'
[1.739s] Level 1:colcon.colcon_core.package_identification:_identify(.) by extensions ['cmake', 'python']
[1.739s] Level 1:colcon.colcon_core.package_identification:_identify(.) by extension 'cmake'
[1.740s] Level 1:colcon.colcon_core.package_identification:_identify(.) by extension 'python'
[1.740s] Level 1:colcon.colcon_core.package_identification:_identify(.) by extensions ['python_setup_py']
[1.740s] Level 1:colcon.colcon_core.package_identification:_identify(.) by extension 'python_setup_py'
[1.741s] Level 1:colcon.colcon_core.package_identification:_identify(build) by extensions ['ignore', 'ignore_ament_install']
[1.741s] Level 1:colcon.colcon_core.package_identification:_identify(build) by extension 'ignore'
[1.741s] Level 1:colcon.colcon_core.package_identification:_identify(build) ignored
[1.742s] Level 1:colcon.colcon_core.package_identification:_identify(install) by extensions ['ignore', 'ignore_ament_install']
[1.747s] Level 1:colcon.colcon_core.package_identification:_identify(install) by extension 'ignore'
[1.747s] Level 1:colcon.colcon_core.package_identification:_identify(install) ignored
[1.748s] Level 1:colcon.colcon_core.package_identification:_identify(log) by extensions ['ignore', 'ignore_ament_install']
[1.748s] Level 1:colcon.colcon_core.package_identification:_identify(log) by extension 'ignore'
[1.748s] Level 1:colcon.colcon_core.package_identification:_identify(log) ignored
[1.748s] Level 1:colcon.colcon_core.package_identification:_identify(src) by extensions ['ignore', 'ignore_ament_install']
[1.749s] Level 1:colcon.colcon_core.package_identification:_identify(src) by extension 'ignore'
[1.749s] Level 1:colcon.colcon_core.package_identification:_identify(src) by extension 'ignore_ament_install'
[1.749s] Level 1:colcon.colcon_core.package_identification:_identify(src) by extensions ['colcon_pkg']
[1.749s] Level 1:colcon.colcon_core.package_identification:_identify(src) by extension 'colcon_pkg'
[1.750s] Level 1:colcon.colcon_core.package_identification:_identify(src) by extensions ['colcon_meta']
[1.750s] Level 1:colcon.colcon_core.package_identification:_identify(src) by extension 'colcon_meta'
[1.750s] Level 1:colcon.colcon_core.package_identification:_identify(src) by extensions ['ros']
[1.750s] Level 1:colcon.colcon_core.package_identification:_identify(src) by extension 'ros'
[1.750s] Level 1:colcon.colcon_core.package_identification:_identify(src) by extensions ['cmake', 'python']
[1.751s] Level 1:colcon.colcon_core.package_identification:_identify(src) by extension 'cmake'
[1.751s] Level 1:colcon.colcon_core.package_identification:_identify(src) by extension 'python'
[1.751s] Level 1:colcon.colcon_core.package_identification:_identify(src) by extensions ['python_setup_py']
[1.751s] Level 1:colcon.colcon_core.package_identification:_identify(src) by extension 'python_setup_py'
[1.752s] Level 1:colcon.colcon_core.package_identification:_identify(src/me_py_pkg) by extensions ['ignore', 'ignore_ament_install']
[1.753s] Level 1:colcon.colcon_core.package_identification:_identify(src/me_py_pkg) by extension 'ignore'
[1.753s] Level 1:colcon.colcon_core.package_identification:_identify(src/me_py_pkg) by extension 'ignore_ament_install'
[1.753s] Level 1:colcon.colcon_core.package_identification:_identify(src/me_py_pkg) by extensions ['colcon_pkg']
[1.754s] Level 1:colcon.colcon_core.package_identification:_identify(src/me_py_pkg) by extension 'colcon_pkg'
[1.757s] Level 1:colcon.colcon_core.package_identification:_identify(src/me_py_pkg) by extensions ['colcon_meta']
[1.759s] Level 1:colcon.colcon_core.package_identification:_identify(src/me_py_pkg) by extension 'colcon_meta'
[1.759s] Level 1:colcon.colcon_core.package_identification:_identify(src/me_py_pkg) by extensions ['ros']
[1.759s] Level 1:colcon.colcon_core.package_identification:_identify(src/me_py_pkg) by extension 'ros'
[1.766s] DEBUG:colcon.colcon_core.package_identification:Package 'src/me_py_pkg' with type 'ros.ament_python' and name 'me_py_pkg'
[1.766s] Level 1:colcon.colcon_core.package_discovery:discover_packages(recursive) using defaults
[1.767s] Level 1:colcon.colcon_core.package_discovery:discover_packages(ignore) discover
[1.767s] Level 1:colcon.colcon_core.package_discovery:discover_packages(ignore) using defaults
[1.767s] Level 1:colcon.colcon_core.package_discovery:discover_packages(path) discover
[1.767s] Level 1:colcon.colcon_core.package_discovery:discover_packages(path) using defaults
[1.880s] Level 1:colcon.colcon_core.package_discovery:discover_packages(prefix_path) check parameters
[1.880s] Level 1:colcon.colcon_core.package_discovery:discover_packages(prefix_path) discover
[1.888s] DEBUG:colcon.colcon_installed_package_information.package_discovery:Found 1 installed packages in /home/kv/ME_ws/install
[1.891s] DEBUG:colcon.colcon_installed_package_information.package_discovery:Found 9 installed packages in /home/kv/ros2_ws/install
[1.897s] DEBUG:colcon.colcon_installed_package_information.package_discovery:Found 350 installed packages in /opt/ros/humble
[1.904s] Level 1:colcon.colcon_core.package_discovery:discover_packages(prefix_path) using defaults
[2.137s] Level 5:colcon.colcon_core.verb:set package 'me_py_pkg' build argument 'cmake_args' from command line to 'None'
[2.137s] Level 5:colcon.colcon_core.verb:set package 'me_py_pkg' build argument 'cmake_target' from command line to 'None'
[2.137s] Level 5:colcon.colcon_core.verb:set package 'me_py_pkg' build argument 'cmake_target_skip_unavailable' from command line to 'False'
[2.137s] Level 5:colcon.colcon_core.verb:set package 'me_py_pkg' build argument 'cmake_clean_cache' from command line to 'False'
[2.137s] Level 5:colcon.colcon_core.verb:set package 'me_py_pkg' build argument 'cmake_clean_first' from command line to 'False'
[2.138s] Level 5:colcon.colcon_core.verb:set package 'me_py_pkg' build argument 'cmake_force_configure' from command line to 'False'
[2.138s] Level 5:colcon.colcon_core.verb:set package 'me_py_pkg' build argument 'ament_cmake_args' from command line to 'None'
[2.138s] Level 5:colcon.colcon_core.verb:set package 'me_py_pkg' build argument 'catkin_cmake_args' from command line to 'None'
[2.138s] Level 5:colcon.colcon_core.verb:set package 'me_py_pkg' build argument 'catkin_skip_building_tests' from command line to 'False'
[2.138s] DEBUG:colcon.colcon_core.verb:Building package 'me_py_pkg' with the following arguments: {'ament_cmake_args': None, 'build_base': '/home/kv/ME_ws/build/me_py_pkg', 'catkin_cmake_args': None, 'catkin_skip_building_tests': False, 'cmake_args': None, 'cmake_clean_cache': False, 'cmake_clean_first': False, 'cmake_force_configure': False, 'cmake_target': None, 'cmake_target_skip_unavailable': False, 'install_base': '/home/kv/ME_ws/install/me_py_pkg', 'merge_install': False, 'path': '/home/kv/ME_ws/src/me_py_pkg', 'symlink_install': True, 'test_result_base': None}
[2.139s] INFO:colcon.colcon_core.executor:Executing jobs using 'parallel' executor
[2.142s] DEBUG:colcon.colcon_parallel_executor.executor.parallel:run_until_complete
[2.145s] INFO:colcon.colcon_ros.task.ament_python.build:Building ROS package in '/home/kv/ME_ws/src/me_py_pkg' with build type 'ament_python'
[2.146s] Level 1:colcon.colcon_core.shell:create_environment_hook('me_py_pkg', 'ament_prefix_path')
[2.152s] INFO:colcon.colcon_core.plugin_system:Skipping extension 'colcon_core.shell.bat': Not used on non-Windows systems
[2.153s] INFO:colcon.colcon_core.shell:Creating environment hook '/home/kv/ME_ws/install/me_py_pkg/share/me_py_pkg/hook/ament_prefix_path.ps1'
[2.157s] INFO:colcon.colcon_core.shell:Creating environment descriptor '/home/kv/ME_ws/install/me_py_pkg/share/me_py_pkg/hook/ament_prefix_path.dsv'
[2.160s] INFO:colcon.colcon_core.shell:Creating environment hook '/home/kv/ME_ws/install/me_py_pkg/share/me_py_pkg/hook/ament_prefix_path.sh'
[2.163s] INFO:colcon.colcon_core.shell:Skip shell extension 'powershell' for command environment: Not usable outside of PowerShell
[2.163s] DEBUG:colcon.colcon_core.shell:Skip shell extension 'dsv' for command environment
[3.780s] INFO:colcon.colcon_core.task.python.build:Building Python package in '/home/kv/ME_ws/src/me_py_pkg'
[3.782s] INFO:colcon.colcon_core.shell:Skip shell extension 'powershell' for command environment: Not usable outside of PowerShell
[3.785s] DEBUG:colcon.colcon_core.shell:Skip shell extension 'dsv' for command environment
[6.016s] DEBUG:colcon.colcon_core.task.python.build:While undoing a previous installation files outside the Python library path are being ignored: /home/kv/ME_ws/install/me_py_pkg/share/ament_index/resource_index/packages/me_py_pkg
[6.016s] DEBUG:colcon.colcon_core.task.python.build:While undoing a previous installation files outside the Python library path are being ignored: /home/kv/ME_ws/install/me_py_pkg/share/me_py_pkg/package.xml
[6.021s] DEBUG:colcon.colcon_core.event_handler.log_command:Invoking command in '/home/kv/ME_ws/build/me_py_pkg': PYTHONPATH=/home/kv/ME_ws/build/me_py_pkg/prefix_override:/home/kv/ME_ws/install/me_py_pkg/lib/python3.10/site-packages:${PYTHONPATH} /usr/bin/python3 -W ignore:setup.py install is deprecated setup.py develop --editable --build-directory /home/kv/ME_ws/build/me_py_pkg/build --no-deps symlink_data --force
[8.791s] Level 1:colcon.colcon_core.shell:create_environment_hook('me_py_pkg', 'pythonpath_develop')
[8.792s] DEBUG:colcon.colcon_core.event_handler.log_command:Invoked command in '/home/kv/ME_ws/build/me_py_pkg' returned '0': PYTHONPATH=/home/kv/ME_ws/build/me_py_pkg/prefix_override:/home/kv/ME_ws/install/me_py_pkg/lib/python3.10/site-packages:${PYTHONPATH} /usr/bin/python3 -W ignore:setup.py install is deprecated setup.py develop --editable --build-directory /home/kv/ME_ws/build/me_py_pkg/build --no-deps symlink_data --force
[8.793s] INFO:colcon.colcon_core.shell:Creating environment hook '/home/kv/ME_ws/build/me_py_pkg/share/me_py_pkg/hook/pythonpath_develop.ps1'
[8.795s] INFO:colcon.colcon_core.shell:Creating environment descriptor '/home/kv/ME_ws/build/me_py_pkg/share/me_py_pkg/hook/pythonpath_develop.dsv'
[8.796s] INFO:colcon.colcon_core.shell:Creating environment hook '/home/kv/ME_ws/build/me_py_pkg/share/me_py_pkg/hook/pythonpath_develop.sh'
[8.812s] Level 1:colcon.colcon_core.environment:checking '/home/kv/ME_ws/install/me_py_pkg' for CMake module files
[8.813s] Level 1:colcon.colcon_core.environment:checking '/home/kv/ME_ws/install/me_py_pkg' for CMake config files
[8.815s] Level 1:colcon.colcon_core.environment:checking '/home/kv/ME_ws/install/me_py_pkg/lib'
[8.816s] Level 1:colcon.colcon_core.environment:checking '/home/kv/ME_ws/install/me_py_pkg/bin'
[8.816s] Level 1:colcon.colcon_core.environment:checking '/home/kv/ME_ws/install/me_py_pkg/lib/pkgconfig/me_py_pkg.pc'
[8.817s] Level 1:colcon.colcon_core.environment:checking '/home/kv/ME_ws/install/me_py_pkg/lib/python3.10/site-packages'
[8.817s] Level 1:colcon.colcon_core.shell:create_environment_hook('me_py_pkg', 'pythonpath')
[8.819s] INFO:colcon.colcon_core.shell:Creating environment hook '/home/kv/ME_ws/install/me_py_pkg/share/me_py_pkg/hook/pythonpath.ps1'
[8.822s] INFO:colcon.colcon_core.shell:Creating environment descriptor '/home/kv/ME_ws/install/me_py_pkg/share/me_py_pkg/hook/pythonpath.dsv'
[8.824s] INFO:colcon.colcon_core.shell:Creating environment hook '/home/kv/ME_ws/install/me_py_pkg/share/me_py_pkg/hook/pythonpath.sh'
[8.826s] Level 1:colcon.colcon_core.environment:checking '/home/kv/ME_ws/install/me_py_pkg/bin'
[8.826s] Level 1:colcon.colcon_core.environment:create_environment_scripts_only(me_py_pkg)
[8.828s] INFO:colcon.colcon_core.shell:Creating package script '/home/kv/ME_ws/install/me_py_pkg/share/me_py_pkg/package.ps1'
[8.835s] INFO:colcon.colcon_core.shell:Creating package descriptor '/home/kv/ME_ws/install/me_py_pkg/share/me_py_pkg/package.dsv'
[8.838s] INFO:colcon.colcon_core.shell:Creating package script '/home/kv/ME_ws/install/me_py_pkg/share/me_py_pkg/package.sh'
[8.841s] INFO:colcon.colcon_core.shell:Creating package script '/home/kv/ME_ws/install/me_py_pkg/share/me_py_pkg/package.bash'
[8.847s] INFO:colcon.colcon_core.shell:Creating package script '/home/kv/ME_ws/install/me_py_pkg/share/me_py_pkg/package.zsh'
[8.863s] Level 1:colcon.colcon_core.environment:create_file_with_runtime_dependencies(/home/kv/ME_ws/install/me_py_pkg/share/colcon-core/packages/me_py_pkg)
[8.865s] DEBUG:colcon.colcon_parallel_executor.executor.parallel:closing loop
[8.865s] DEBUG:colcon.colcon_parallel_executor.executor.parallel:loop closed
[8.867s] DEBUG:colcon.colcon_parallel_executor.executor.parallel:run_until_complete finished with '0'
[8.867s] DEBUG:colcon.colcon_core.event_reactor:joining thread
[8.896s] INFO:colcon.colcon_core.plugin_system:Skipping extension 'colcon_notification.desktop_notification.terminal_notifier': Not used on non-Darwin systems
[8.896s] INFO:colcon.colcon_core.plugin_system:Skipping extension 'colcon_notification.desktop_notification.win32': Not used on non-Windows systems
[8.896s] INFO:colcon.colcon_notification.desktop_notification:Sending desktop notification using 'notify2'
[8.969s] DEBUG:colcon.colcon_core.event_reactor:joined thread
[8.971s] INFO:colcon.colcon_core.shell:Creating prefix script '/home/kv/ME_ws/install/local_setup.ps1'
[8.976s] INFO:colcon.colcon_core.shell:Creating prefix util module '/home/kv/ME_ws/install/_local_setup_util_ps1.py'
[8.982s] INFO:colcon.colcon_core.shell:Creating prefix chain script '/home/kv/ME_ws/install/setup.ps1'
[8.987s] INFO:colcon.colcon_core.shell:Creating prefix script '/home/kv/ME_ws/install/local_setup.sh'
[8.991s] INFO:colcon.colcon_core.shell:Creating prefix util module '/home/kv/ME_ws/install/_local_setup_util_sh.py'
[8.994s] INFO:colcon.colcon_core.shell:Creating prefix chain script '/home/kv/ME_ws/install/setup.sh'
[9.001s] INFO:colcon.colcon_core.shell:Creating prefix script '/home/kv/ME_ws/install/local_setup.bash'
[9.004s] INFO:colcon.colcon_core.shell:Creating prefix chain script '/home/kv/ME_ws/install/setup.bash'
[9.009s] INFO:colcon.colcon_core.shell:Creating prefix script '/home/kv/ME_ws/install/local_setup.zsh'
[9.011s] INFO:colcon.colcon_core.shell:Creating prefix chain script '/home/kv/ME_ws/install/setup.zsh'
