[4.242s] Invoking command in '/home/kv/ME_ws/src/me_py_pkg': PYTHONPATH=/home/kv/ME_ws/build/me_py_pkg/prefix_override:/home/kv/ME_ws/install/me_py_pkg/lib/python3.10/site-packages:${PYTHONPATH} /usr/bin/python3 -W ignore:setup.py install is deprecated setup.py egg_info --egg-base ../../build/me_py_pkg build --build-base /home/kv/ME_ws/build/me_py_pkg/build install --record /home/kv/ME_ws/build/me_py_pkg/install.log --single-version-externally-managed install_data
[5.873s] running egg_info
[5.878s] writing ../../build/me_py_pkg/me_py_pkg.egg-info/PKG-INFO
[5.879s] writing dependency_links to ../../build/me_py_pkg/me_py_pkg.egg-info/dependency_links.txt
[5.880s] writing entry points to ../../build/me_py_pkg/me_py_pkg.egg-info/entry_points.txt
[5.880s] writing requirements to ../../build/me_py_pkg/me_py_pkg.egg-info/requires.txt
[5.881s] writing top-level names to ../../build/me_py_pkg/me_py_pkg.egg-info/top_level.txt
[5.893s] reading manifest file '../../build/me_py_pkg/me_py_pkg.egg-info/SOURCES.txt'
[5.895s] writing manifest file '../../build/me_py_pkg/me_py_pkg.egg-info/SOURCES.txt'
[5.895s] running build
[5.895s] running build_py
[5.896s] copying me_py_pkg/my_first_node.py -> /home/kv/ME_ws/build/me_py_pkg/build/lib/me_py_pkg
[5.896s] running install
[5.897s] running install_lib
[5.901s] copying /home/kv/ME_ws/build/me_py_pkg/build/lib/me_py_pkg/my_first_node.py -> /home/kv/ME_ws/install/me_py_pkg/lib/python3.10/site-packages/me_py_pkg
[5.903s] byte-compiling /home/kv/ME_ws/install/me_py_pkg/lib/python3.10/site-packages/me_py_pkg/my_first_node.py to my_first_node.cpython-310.pyc
[5.905s] running install_data
[5.905s] running install_egg_info
[5.931s] removing '/home/kv/ME_ws/install/me_py_pkg/lib/python3.10/site-packages/me_py_pkg-0.0.0-py3.10.egg-info' (and everything under it)
[5.931s] Copying ../../build/me_py_pkg/me_py_pkg.egg-info to /home/kv/ME_ws/install/me_py_pkg/lib/python3.10/site-packages/me_py_pkg-0.0.0-py3.10.egg-info
[5.932s] running install_scripts
[6.025s] writing list of installed files to '/home/kv/ME_ws/build/me_py_pkg/install.log'
[6.127s] Invoked command in '/home/kv/ME_ws/src/me_py_pkg' returned '0': PYTHONPATH=/home/kv/ME_ws/build/me_py_pkg/prefix_override:/home/kv/ME_ws/install/me_py_pkg/lib/python3.10/site-packages:${PYTHONPATH} /usr/bin/python3 -W ignore:setup.py install is deprecated setup.py egg_info --egg-base ../../build/me_py_pkg build --build-base /home/kv/ME_ws/build/me_py_pkg/build install --record /home/kv/ME_ws/build/me_py_pkg/install.log --single-version-externally-managed install_data
