[0.549s] DEBUG:colcon:Command line arguments: ['/usr/bin/colcon', 'build']
[0.550s] DEBUG:colcon:Parsed command line arguments: Namespace(log_base=None, log_level=None, verb_name='build', build_base='build', install_base='install', merge_install=False, symlink_install=False, test_result_base=None, continue_on_error=False, executor='parallel', parallel_workers=3, event_handlers=None, ignore_user_meta=False, metas=['./colcon.meta'], base_paths=['.'], packages_ignore=None, packages_ignore_regex=None, paths=None, packages_up_to=None, packages_up_to_regex=None, packages_above=None, packages_above_and_dependencies=None, packages_above_depth=None, packages_select_by_dep=None, packages_skip_by_dep=None, packages_skip_up_to=None, packages_select_build_failed=False, packages_skip_build_finished=False, packages_select_test_failures=False, packages_skip_test_passed=False, packages_select=None, packages_skip=None, packages_select_regex=None, packages_skip_regex=None, packages_start=None, packages_end=None, allow_overriding=[], cmake_args=None, cmake_target=None, cmake_target_skip_unavailable=False, cmake_clean_cache=False, cmake_clean_first=False, cmake_force_configure=False, ament_cmake_args=None, catkin_cmake_args=None, catkin_skip_building_tests=False, verb_parser=<colcon_defaults.argument_parser.defaults.DefaultArgumentsDecorator object at 0x7c10fde1cb20>, verb_extension=<colcon_core.verb.build.BuildVerb object at 0x7c10fde1c6a0>, main=<bound method BuildVerb.main of <colcon_core.verb.build.BuildVerb object at 0x7c10fde1c6a0>>)
[1.874s] Level 1:colcon.colcon_core.package_discovery:discover_packages(colcon_meta) check parameters
[1.874s] Level 1:colcon.colcon_core.package_discovery:discover_packages(recursive) check parameters
[1.874s] Level 1:colcon.colcon_core.package_discovery:discover_packages(ignore) check parameters
[1.874s] Level 1:colcon.colcon_core.package_discovery:discover_packages(path) check parameters
[1.875s] Level 1:colcon.colcon_core.package_discovery:discover_packages(colcon_meta) discover
[1.876s] Level 1:colcon.colcon_core.package_discovery:discover_packages(recursive) discover
[1.877s] INFO:colcon.colcon_core.package_discovery:Crawling recursively for packages in '/home/kv/ME_ws'
[1.878s] Level 1:colcon.colcon_core.package_identification:_identify(.) by extensions ['ignore', 'ignore_ament_install']
[1.878s] Level 1:colcon.colcon_core.package_identification:_identify(.) by extension 'ignore'
[1.879s] Level 1:colcon.colcon_core.package_identification:_identify(.) by extension 'ignore_ament_install'
[1.880s] Level 1:colcon.colcon_core.package_identification:_identify(.) by extensions ['colcon_pkg']
[1.880s] Level 1:colcon.colcon_core.package_identification:_identify(.) by extension 'colcon_pkg'
[1.881s] Level 1:colcon.colcon_core.package_identification:_identify(.) by extensions ['colcon_meta']
[1.881s] Level 1:colcon.colcon_core.package_identification:_identify(.) by extension 'colcon_meta'
[1.881s] Level 1:colcon.colcon_core.package_identification:_identify(.) by extensions ['ros']
[1.881s] Level 1:colcon.colcon_core.package_identification:_identify(.) by extension 'ros'
[1.932s] Level 1:colcon.colcon_core.package_identification:_identify(.) by extensions ['cmake', 'python']
[1.932s] Level 1:colcon.colcon_core.package_identification:_identify(.) by extension 'cmake'
[1.932s] Level 1:colcon.colcon_core.package_identification:_identify(.) by extension 'python'
[1.933s] Level 1:colcon.colcon_core.package_identification:_identify(.) by extensions ['python_setup_py']
[1.933s] Level 1:colcon.colcon_core.package_identification:_identify(.) by extension 'python_setup_py'
[1.933s] Level 1:colcon.colcon_core.package_identification:_identify(build) by extensions ['ignore', 'ignore_ament_install']
[1.934s] Level 1:colcon.colcon_core.package_identification:_identify(build) by extension 'ignore'
[1.934s] Level 1:colcon.colcon_core.package_identification:_identify(build) ignored
[1.935s] Level 1:colcon.colcon_core.package_identification:_identify(install) by extensions ['ignore', 'ignore_ament_install']
[1.936s] Level 1:colcon.colcon_core.package_identification:_identify(install) by extension 'ignore'
[1.950s] Level 1:colcon.colcon_core.package_identification:_identify(install) ignored
[1.951s] Level 1:colcon.colcon_core.package_identification:_identify(log) by extensions ['ignore', 'ignore_ament_install']
[1.952s] Level 1:colcon.colcon_core.package_identification:_identify(log) by extension 'ignore'
[1.952s] Level 1:colcon.colcon_core.package_identification:_identify(log) ignored
[1.952s] Level 1:colcon.colcon_core.package_identification:_identify(src) by extensions ['ignore', 'ignore_ament_install']
[1.952s] Level 1:colcon.colcon_core.package_identification:_identify(src) by extension 'ignore'
[1.953s] Level 1:colcon.colcon_core.package_identification:_identify(src) by extension 'ignore_ament_install'
[1.953s] Level 1:colcon.colcon_core.package_identification:_identify(src) by extensions ['colcon_pkg']
[1.953s] Level 1:colcon.colcon_core.package_identification:_identify(src) by extension 'colcon_pkg'
[1.953s] Level 1:colcon.colcon_core.package_identification:_identify(src) by extensions ['colcon_meta']
[1.953s] Level 1:colcon.colcon_core.package_identification:_identify(src) by extension 'colcon_meta'
[1.954s] Level 1:colcon.colcon_core.package_identification:_identify(src) by extensions ['ros']
[1.954s] Level 1:colcon.colcon_core.package_identification:_identify(src) by extension 'ros'
[1.954s] Level 1:colcon.colcon_core.package_identification:_identify(src) by extensions ['cmake', 'python']
[1.954s] Level 1:colcon.colcon_core.package_identification:_identify(src) by extension 'cmake'
[1.954s] Level 1:colcon.colcon_core.package_identification:_identify(src) by extension 'python'
[1.955s] Level 1:colcon.colcon_core.package_identification:_identify(src) by extensions ['python_setup_py']
[1.955s] Level 1:colcon.colcon_core.package_identification:_identify(src) by extension 'python_setup_py'
[1.956s] Level 1:colcon.colcon_core.package_identification:_identify(src/me_py_pkg) by extensions ['ignore', 'ignore_ament_install']
[1.956s] Level 1:colcon.colcon_core.package_identification:_identify(src/me_py_pkg) by extension 'ignore'
[1.956s] Level 1:colcon.colcon_core.package_identification:_identify(src/me_py_pkg) by extension 'ignore_ament_install'
[1.957s] Level 1:colcon.colcon_core.package_identification:_identify(src/me_py_pkg) by extensions ['colcon_pkg']
[1.957s] Level 1:colcon.colcon_core.package_identification:_identify(src/me_py_pkg) by extension 'colcon_pkg'
[1.957s] Level 1:colcon.colcon_core.package_identification:_identify(src/me_py_pkg) by extensions ['colcon_meta']
[1.957s] Level 1:colcon.colcon_core.package_identification:_identify(src/me_py_pkg) by extension 'colcon_meta'
[1.957s] Level 1:colcon.colcon_core.package_identification:_identify(src/me_py_pkg) by extensions ['ros']
[1.958s] Level 1:colcon.colcon_core.package_identification:_identify(src/me_py_pkg) by extension 'ros'
[1.972s] DEBUG:colcon.colcon_core.package_identification:Package 'src/me_py_pkg' with type 'ros.ament_python' and name 'me_py_pkg'
[1.972s] Level 1:colcon.colcon_core.package_discovery:discover_packages(recursive) using defaults
[1.973s] Level 1:colcon.colcon_core.package_discovery:discover_packages(ignore) discover
[1.973s] Level 1:colcon.colcon_core.package_discovery:discover_packages(ignore) using defaults
[1.973s] Level 1:colcon.colcon_core.package_discovery:discover_packages(path) discover
[1.973s] Level 1:colcon.colcon_core.package_discovery:discover_packages(path) using defaults
[2.125s] Level 1:colcon.colcon_core.package_discovery:discover_packages(prefix_path) check parameters
[2.125s] Level 1:colcon.colcon_core.package_discovery:discover_packages(prefix_path) discover
[2.136s] DEBUG:colcon.colcon_installed_package_information.package_discovery:Found 1 installed packages in /home/kv/ME_ws/install
[2.140s] DEBUG:colcon.colcon_installed_package_information.package_discovery:Found 9 installed packages in /home/kv/ros2_ws/install
[2.150s] DEBUG:colcon.colcon_installed_package_information.package_discovery:Found 350 installed packages in /opt/ros/humble
[2.164s] Level 1:colcon.colcon_core.package_discovery:discover_packages(prefix_path) using defaults
[2.531s] Level 5:colcon.colcon_core.verb:set package 'me_py_pkg' build argument 'cmake_args' from command line to 'None'
[2.532s] Level 5:colcon.colcon_core.verb:set package 'me_py_pkg' build argument 'cmake_target' from command line to 'None'
[2.532s] Level 5:colcon.colcon_core.verb:set package 'me_py_pkg' build argument 'cmake_target_skip_unavailable' from command line to 'False'
[2.532s] Level 5:colcon.colcon_core.verb:set package 'me_py_pkg' build argument 'cmake_clean_cache' from command line to 'False'
[2.532s] Level 5:colcon.colcon_core.verb:set package 'me_py_pkg' build argument 'cmake_clean_first' from command line to 'False'
[2.532s] Level 5:colcon.colcon_core.verb:set package 'me_py_pkg' build argument 'cmake_force_configure' from command line to 'False'
[2.533s] Level 5:colcon.colcon_core.verb:set package 'me_py_pkg' build argument 'ament_cmake_args' from command line to 'None'
[2.533s] Level 5:colcon.colcon_core.verb:set package 'me_py_pkg' build argument 'catkin_cmake_args' from command line to 'None'
[2.533s] Level 5:colcon.colcon_core.verb:set package 'me_py_pkg' build argument 'catkin_skip_building_tests' from command line to 'False'
[2.533s] DEBUG:colcon.colcon_core.verb:Building package 'me_py_pkg' with the following arguments: {'ament_cmake_args': None, 'build_base': '/home/kv/ME_ws/build/me_py_pkg', 'catkin_cmake_args': None, 'catkin_skip_building_tests': False, 'cmake_args': None, 'cmake_clean_cache': False, 'cmake_clean_first': False, 'cmake_force_configure': False, 'cmake_target': None, 'cmake_target_skip_unavailable': False, 'install_base': '/home/kv/ME_ws/install/me_py_pkg', 'merge_install': False, 'path': '/home/kv/ME_ws/src/me_py_pkg', 'symlink_install': False, 'test_result_base': None}
[2.534s] INFO:colcon.colcon_core.executor:Executing jobs using 'parallel' executor
[2.537s] DEBUG:colcon.colcon_parallel_executor.executor.parallel:run_until_complete
[2.539s] INFO:colcon.colcon_ros.task.ament_python.build:Building ROS package in '/home/kv/ME_ws/src/me_py_pkg' with build type 'ament_python'
[2.539s] Level 1:colcon.colcon_core.shell:create_environment_hook('me_py_pkg', 'ament_prefix_path')
[2.564s] INFO:colcon.colcon_core.plugin_system:Skipping extension 'colcon_core.shell.bat': Not used on non-Windows systems
[2.565s] INFO:colcon.colcon_core.shell:Creating environment hook '/home/kv/ME_ws/install/me_py_pkg/share/me_py_pkg/hook/ament_prefix_path.ps1'
[2.572s] INFO:colcon.colcon_core.shell:Creating environment descriptor '/home/kv/ME_ws/install/me_py_pkg/share/me_py_pkg/hook/ament_prefix_path.dsv'
[2.575s] INFO:colcon.colcon_core.shell:Creating environment hook '/home/kv/ME_ws/install/me_py_pkg/share/me_py_pkg/hook/ament_prefix_path.sh'
[2.580s] INFO:colcon.colcon_core.shell:Skip shell extension 'powershell' for command environment: Not usable outside of PowerShell
[2.581s] DEBUG:colcon.colcon_core.shell:Skip shell extension 'dsv' for command environment
[4.412s] INFO:colcon.colcon_core.task.python.build:Building Python package in '/home/kv/ME_ws/src/me_py_pkg'
[4.413s] INFO:colcon.colcon_core.shell:Skip shell extension 'powershell' for command environment: Not usable outside of PowerShell
[4.413s] DEBUG:colcon.colcon_core.shell:Skip shell extension 'dsv' for command environment
[6.716s] DEBUG:colcon.colcon_core.event_handler.log_command:Invoking command in '/home/kv/ME_ws/build/me_py_pkg': PYTHONPATH=/home/kv/ME_ws/build/me_py_pkg/prefix_override:/home/kv/ME_ws/install/me_py_pkg/lib/python3.10/site-packages:${PYTHONPATH} /usr/bin/python3 -W ignore:setup.py install is deprecated setup.py develop --uninstall --editable --build-directory /home/kv/ME_ws/build/me_py_pkg/build
[9.718s] DEBUG:colcon.colcon_core.event_handler.log_command:Invoked command in '/home/kv/ME_ws/build/me_py_pkg' returned '0': PYTHONPATH=/home/kv/ME_ws/build/me_py_pkg/prefix_override:/home/kv/ME_ws/install/me_py_pkg/lib/python3.10/site-packages:${PYTHONPATH} /usr/bin/python3 -W ignore:setup.py install is deprecated setup.py develop --uninstall --editable --build-directory /home/kv/ME_ws/build/me_py_pkg/build
[9.722s] DEBUG:colcon.colcon_core.event_handler.log_command:Invoking command in '/home/kv/ME_ws/src/me_py_pkg': PYTHONPATH=/home/kv/ME_ws/build/me_py_pkg/prefix_override:/home/kv/ME_ws/install/me_py_pkg/lib/python3.10/site-packages:${PYTHONPATH} /usr/bin/python3 -W ignore:setup.py install is deprecated setup.py egg_info --egg-base ../../build/me_py_pkg build --build-base /home/kv/ME_ws/build/me_py_pkg/build install --record /home/kv/ME_ws/build/me_py_pkg/install.log --single-version-externally-managed install_data --force
[11.384s] DEBUG:colcon.colcon_core.event_handler.log_command:Invoked command in '/home/kv/ME_ws/src/me_py_pkg' returned '0': PYTHONPATH=/home/kv/ME_ws/build/me_py_pkg/prefix_override:/home/kv/ME_ws/install/me_py_pkg/lib/python3.10/site-packages:${PYTHONPATH} /usr/bin/python3 -W ignore:setup.py install is deprecated setup.py egg_info --egg-base ../../build/me_py_pkg build --build-base /home/kv/ME_ws/build/me_py_pkg/build install --record /home/kv/ME_ws/build/me_py_pkg/install.log --single-version-externally-managed install_data --force
[11.394s] Level 1:colcon.colcon_core.environment:checking '/home/kv/ME_ws/install/me_py_pkg' for CMake module files
[11.396s] Level 1:colcon.colcon_core.environment:checking '/home/kv/ME_ws/install/me_py_pkg' for CMake config files
[11.399s] Level 1:colcon.colcon_core.environment:checking '/home/kv/ME_ws/install/me_py_pkg/lib'
[11.400s] Level 1:colcon.colcon_core.environment:checking '/home/kv/ME_ws/install/me_py_pkg/bin'
[11.400s] Level 1:colcon.colcon_core.environment:checking '/home/kv/ME_ws/install/me_py_pkg/lib/pkgconfig/me_py_pkg.pc'
[11.402s] Level 1:colcon.colcon_core.environment:checking '/home/kv/ME_ws/install/me_py_pkg/lib/python3.10/site-packages'
[11.402s] Level 1:colcon.colcon_core.shell:create_environment_hook('me_py_pkg', 'pythonpath')
[11.404s] INFO:colcon.colcon_core.shell:Creating environment hook '/home/kv/ME_ws/install/me_py_pkg/share/me_py_pkg/hook/pythonpath.ps1'
[11.406s] INFO:colcon.colcon_core.shell:Creating environment descriptor '/home/kv/ME_ws/install/me_py_pkg/share/me_py_pkg/hook/pythonpath.dsv'
[11.407s] INFO:colcon.colcon_core.shell:Creating environment hook '/home/kv/ME_ws/install/me_py_pkg/share/me_py_pkg/hook/pythonpath.sh'
[11.409s] Level 1:colcon.colcon_core.environment:checking '/home/kv/ME_ws/install/me_py_pkg/bin'
[11.410s] Level 1:colcon.colcon_core.environment:create_environment_scripts_only(me_py_pkg)
[11.411s] INFO:colcon.colcon_core.shell:Creating package script '/home/kv/ME_ws/install/me_py_pkg/share/me_py_pkg/package.ps1'
[11.415s] INFO:colcon.colcon_core.shell:Creating package descriptor '/home/kv/ME_ws/install/me_py_pkg/share/me_py_pkg/package.dsv'
[11.418s] INFO:colcon.colcon_core.shell:Creating package script '/home/kv/ME_ws/install/me_py_pkg/share/me_py_pkg/package.sh'
[11.422s] INFO:colcon.colcon_core.shell:Creating package script '/home/kv/ME_ws/install/me_py_pkg/share/me_py_pkg/package.bash'
[11.425s] INFO:colcon.colcon_core.shell:Creating package script '/home/kv/ME_ws/install/me_py_pkg/share/me_py_pkg/package.zsh'
[11.428s] Level 1:colcon.colcon_core.environment:create_file_with_runtime_dependencies(/home/kv/ME_ws/install/me_py_pkg/share/colcon-core/packages/me_py_pkg)
[11.429s] DEBUG:colcon.colcon_parallel_executor.executor.parallel:closing loop
[11.430s] DEBUG:colcon.colcon_parallel_executor.executor.parallel:loop closed
[11.430s] DEBUG:colcon.colcon_parallel_executor.executor.parallel:run_until_complete finished with '0'
[11.430s] DEBUG:colcon.colcon_core.event_reactor:joining thread
[11.458s] INFO:colcon.colcon_core.plugin_system:Skipping extension 'colcon_notification.desktop_notification.terminal_notifier': Not used on non-Darwin systems
[11.458s] INFO:colcon.colcon_core.plugin_system:Skipping extension 'colcon_notification.desktop_notification.win32': Not used on non-Windows systems
[11.459s] INFO:colcon.colcon_notification.desktop_notification:Sending desktop notification using 'notify2'
[11.535s] DEBUG:colcon.colcon_core.event_reactor:joined thread
[11.536s] INFO:colcon.colcon_core.shell:Creating prefix script '/home/kv/ME_ws/install/local_setup.ps1'
[11.540s] INFO:colcon.colcon_core.shell:Creating prefix util module '/home/kv/ME_ws/install/_local_setup_util_ps1.py'
[11.546s] INFO:colcon.colcon_core.shell:Creating prefix chain script '/home/kv/ME_ws/install/setup.ps1'
[11.559s] INFO:colcon.colcon_core.shell:Creating prefix script '/home/kv/ME_ws/install/local_setup.sh'
[11.563s] INFO:colcon.colcon_core.shell:Creating prefix util module '/home/kv/ME_ws/install/_local_setup_util_sh.py'
[11.566s] INFO:colcon.colcon_core.shell:Creating prefix chain script '/home/kv/ME_ws/install/setup.sh'
[11.575s] INFO:colcon.colcon_core.shell:Creating prefix script '/home/kv/ME_ws/install/local_setup.bash'
[11.577s] INFO:colcon.colcon_core.shell:Creating prefix chain script '/home/kv/ME_ws/install/setup.bash'
[11.582s] INFO:colcon.colcon_core.shell:Creating prefix script '/home/kv/ME_ws/install/local_setup.zsh'
[11.593s] INFO:colcon.colcon_core.shell:Creating prefix chain script '/home/kv/ME_ws/install/setup.zsh'
