[3.767s] Invoking command in '/home/kv/ME_ws/src/me_py_pkg': PYTHONPATH=/home/kv/ME_ws/build/me_py_pkg/prefix_override:/home/kv/ME_ws/install/me_py_pkg/lib/python3.10/site-packages:${PYTHONPATH} /usr/bin/python3 -W ignore:setup.py install is deprecated setup.py egg_info --egg-base ../../build/me_py_pkg build --build-base /home/kv/ME_ws/build/me_py_pkg/build install --record /home/kv/ME_ws/build/me_py_pkg/install.log --single-version-externally-managed install_data
[5.261s] running egg_info
[5.264s] writing ../../build/me_py_pkg/me_py_pkg.egg-info/PKG-INFO
[5.265s] writing dependency_links to ../../build/me_py_pkg/me_py_pkg.egg-info/dependency_links.txt
[5.267s] writing entry points to ../../build/me_py_pkg/me_py_pkg.egg-info/entry_points.txt
[5.268s] writing requirements to ../../build/me_py_pkg/me_py_pkg.egg-info/requires.txt
[5.271s] writing top-level names to ../../build/me_py_pkg/me_py_pkg.egg-info/top_level.txt
[5.280s] reading manifest file '../../build/me_py_pkg/me_py_pkg.egg-info/SOURCES.txt'
[5.284s] writing manifest file '../../build/me_py_pkg/me_py_pkg.egg-info/SOURCES.txt'
[5.286s] running build
[5.286s] running build_py
[5.288s] copying me_py_pkg/my_first_node.py -> /home/kv/ME_ws/build/me_py_pkg/build/lib/me_py_pkg
[5.290s] running install
[5.292s] running install_lib
[5.298s] copying /home/kv/ME_ws/build/me_py_pkg/build/lib/me_py_pkg/my_first_node.py -> /home/kv/ME_ws/install/me_py_pkg/lib/python3.10/site-packages/me_py_pkg
[5.310s] byte-compiling /home/kv/ME_ws/install/me_py_pkg/lib/python3.10/site-packages/me_py_pkg/my_first_node.py to my_first_node.cpython-310.pyc
[5.310s] running install_data
[5.311s] running install_egg_info
[5.318s] removing '/home/kv/ME_ws/install/me_py_pkg/lib/python3.10/site-packages/me_py_pkg-0.0.0-py3.10.egg-info' (and everything under it)
[5.328s] Copying ../../build/me_py_pkg/me_py_pkg.egg-info to /home/kv/ME_ws/install/me_py_pkg/lib/python3.10/site-packages/me_py_pkg-0.0.0-py3.10.egg-info
[5.361s] running install_scripts
[5.434s] writing list of installed files to '/home/kv/ME_ws/build/me_py_pkg/install.log'
[5.551s] Invoked command in '/home/kv/ME_ws/src/me_py_pkg' returned '0': PYTHONPATH=/home/kv/ME_ws/build/me_py_pkg/prefix_override:/home/kv/ME_ws/install/me_py_pkg/lib/python3.10/site-packages:${PYTHONPATH} /usr/bin/python3 -W ignore:setup.py install is deprecated setup.py egg_info --egg-base ../../build/me_py_pkg build --build-base /home/kv/ME_ws/build/me_py_pkg/build install --record /home/kv/ME_ws/build/me_py_pkg/install.log --single-version-externally-managed install_data
