[0.772s] DEBUG:colcon:Command line arguments: ['/usr/bin/colcon', 'build', '--packages-select', 'me_py_pkg']
[0.773s] DEBUG:colcon:Parsed command line arguments: Namespace(log_base=None, log_level=None, verb_name='build', build_base='build', install_base='install', merge_install=False, symlink_install=False, test_result_base=None, continue_on_error=False, executor='parallel', parallel_workers=3, event_handlers=None, ignore_user_meta=False, metas=['./colcon.meta'], base_paths=['.'], packages_ignore=None, packages_ignore_regex=None, paths=None, packages_up_to=None, packages_up_to_regex=None, packages_above=None, packages_above_and_dependencies=None, packages_above_depth=None, packages_select_by_dep=None, packages_skip_by_dep=None, packages_skip_up_to=None, packages_select_build_failed=False, packages_skip_build_finished=False, packages_select_test_failures=False, packages_skip_test_passed=False, packages_select=['me_py_pkg'], packages_skip=None, packages_select_regex=None, packages_skip_regex=None, packages_start=None, packages_end=None, allow_overriding=[], cmake_args=None, cmake_target=None, cmake_target_skip_unavailable=False, cmake_clean_cache=False, cmake_clean_first=False, cmake_force_configure=False, ament_cmake_args=None, catkin_cmake_args=None, catkin_skip_building_tests=False, verb_parser=<colcon_defaults.argument_parser.defaults.DefaultArgumentsDecorator object at 0x70e8cb32cbb0>, verb_extension=<colcon_core.verb.build.BuildVerb object at 0x70e8cb32c730>, main=<bound method BuildVerb.main of <colcon_core.verb.build.BuildVerb object at 0x70e8cb32c730>>)
[2.064s] Level 1:colcon.colcon_core.package_discovery:discover_packages(colcon_meta) check parameters
[2.064s] Level 1:colcon.colcon_core.package_discovery:discover_packages(recursive) check parameters
[2.064s] Level 1:colcon.colcon_core.package_discovery:discover_packages(ignore) check parameters
[2.065s] Level 1:colcon.colcon_core.package_discovery:discover_packages(path) check parameters
[2.065s] Level 1:colcon.colcon_core.package_discovery:discover_packages(colcon_meta) discover
[2.066s] Level 1:colcon.colcon_core.package_discovery:discover_packages(recursive) discover
[2.066s] INFO:colcon.colcon_core.package_discovery:Crawling recursively for packages in '/home/kv/ME_ws'
[2.067s] Level 1:colcon.colcon_core.package_identification:_identify(.) by extensions ['ignore', 'ignore_ament_install']
[2.068s] Level 1:colcon.colcon_core.package_identification:_identify(.) by extension 'ignore'
[2.068s] Level 1:colcon.colcon_core.package_identification:_identify(.) by extension 'ignore_ament_install'
[2.068s] Level 1:colcon.colcon_core.package_identification:_identify(.) by extensions ['colcon_pkg']
[2.069s] Level 1:colcon.colcon_core.package_identification:_identify(.) by extension 'colcon_pkg'
[2.069s] Level 1:colcon.colcon_core.package_identification:_identify(.) by extensions ['colcon_meta']
[2.069s] Level 1:colcon.colcon_core.package_identification:_identify(.) by extension 'colcon_meta'
[2.069s] Level 1:colcon.colcon_core.package_identification:_identify(.) by extensions ['ros']
[2.070s] Level 1:colcon.colcon_core.package_identification:_identify(.) by extension 'ros'
[2.147s] Level 1:colcon.colcon_core.package_identification:_identify(.) by extensions ['cmake', 'python']
[2.147s] Level 1:colcon.colcon_core.package_identification:_identify(.) by extension 'cmake'
[2.147s] Level 1:colcon.colcon_core.package_identification:_identify(.) by extension 'python'
[2.147s] Level 1:colcon.colcon_core.package_identification:_identify(.) by extensions ['python_setup_py']
[2.147s] Level 1:colcon.colcon_core.package_identification:_identify(.) by extension 'python_setup_py'
[2.148s] Level 1:colcon.colcon_core.package_identification:_identify(build) by extensions ['ignore', 'ignore_ament_install']
[2.149s] Level 1:colcon.colcon_core.package_identification:_identify(build) by extension 'ignore'
[2.149s] Level 1:colcon.colcon_core.package_identification:_identify(build) ignored
[2.150s] Level 1:colcon.colcon_core.package_identification:_identify(install) by extensions ['ignore', 'ignore_ament_install']
[2.150s] Level 1:colcon.colcon_core.package_identification:_identify(install) by extension 'ignore'
[2.150s] Level 1:colcon.colcon_core.package_identification:_identify(install) ignored
[2.151s] Level 1:colcon.colcon_core.package_identification:_identify(log) by extensions ['ignore', 'ignore_ament_install']
[2.152s] Level 1:colcon.colcon_core.package_identification:_identify(log) by extension 'ignore'
[2.153s] Level 1:colcon.colcon_core.package_identification:_identify(log) ignored
[2.153s] Level 1:colcon.colcon_core.package_identification:_identify(src) by extensions ['ignore', 'ignore_ament_install']
[2.154s] Level 1:colcon.colcon_core.package_identification:_identify(src) by extension 'ignore'
[2.155s] Level 1:colcon.colcon_core.package_identification:_identify(src) by extension 'ignore_ament_install'
[2.155s] Level 1:colcon.colcon_core.package_identification:_identify(src) by extensions ['colcon_pkg']
[2.156s] Level 1:colcon.colcon_core.package_identification:_identify(src) by extension 'colcon_pkg'
[2.156s] Level 1:colcon.colcon_core.package_identification:_identify(src) by extensions ['colcon_meta']
[2.157s] Level 1:colcon.colcon_core.package_identification:_identify(src) by extension 'colcon_meta'
[2.157s] Level 1:colcon.colcon_core.package_identification:_identify(src) by extensions ['ros']
[2.157s] Level 1:colcon.colcon_core.package_identification:_identify(src) by extension 'ros'
[2.158s] Level 1:colcon.colcon_core.package_identification:_identify(src) by extensions ['cmake', 'python']
[2.159s] Level 1:colcon.colcon_core.package_identification:_identify(src) by extension 'cmake'
[2.159s] Level 1:colcon.colcon_core.package_identification:_identify(src) by extension 'python'
[2.160s] Level 1:colcon.colcon_core.package_identification:_identify(src) by extensions ['python_setup_py']
[2.160s] Level 1:colcon.colcon_core.package_identification:_identify(src) by extension 'python_setup_py'
[2.161s] Level 1:colcon.colcon_core.package_identification:_identify(src/me_py_pkg) by extensions ['ignore', 'ignore_ament_install']
[2.163s] Level 1:colcon.colcon_core.package_identification:_identify(src/me_py_pkg) by extension 'ignore'
[2.163s] Level 1:colcon.colcon_core.package_identification:_identify(src/me_py_pkg) by extension 'ignore_ament_install'
[2.164s] Level 1:colcon.colcon_core.package_identification:_identify(src/me_py_pkg) by extensions ['colcon_pkg']
[2.164s] Level 1:colcon.colcon_core.package_identification:_identify(src/me_py_pkg) by extension 'colcon_pkg'
[2.164s] Level 1:colcon.colcon_core.package_identification:_identify(src/me_py_pkg) by extensions ['colcon_meta']
[2.164s] Level 1:colcon.colcon_core.package_identification:_identify(src/me_py_pkg) by extension 'colcon_meta'
[2.165s] Level 1:colcon.colcon_core.package_identification:_identify(src/me_py_pkg) by extensions ['ros']
[2.165s] Level 1:colcon.colcon_core.package_identification:_identify(src/me_py_pkg) by extension 'ros'
[2.178s] DEBUG:colcon.colcon_core.package_identification:Package 'src/me_py_pkg' with type 'ros.ament_python' and name 'me_py_pkg'
[2.179s] Level 1:colcon.colcon_core.package_discovery:discover_packages(recursive) using defaults
[2.180s] Level 1:colcon.colcon_core.package_discovery:discover_packages(ignore) discover
[2.181s] Level 1:colcon.colcon_core.package_discovery:discover_packages(ignore) using defaults
[2.181s] Level 1:colcon.colcon_core.package_discovery:discover_packages(path) discover
[2.181s] Level 1:colcon.colcon_core.package_discovery:discover_packages(path) using defaults
[2.369s] Level 1:colcon.colcon_core.package_discovery:discover_packages(prefix_path) check parameters
[2.369s] Level 1:colcon.colcon_core.package_discovery:discover_packages(prefix_path) discover
[2.381s] DEBUG:colcon.colcon_installed_package_information.package_discovery:Found 1 installed packages in /home/kv/ME_ws/install
[2.386s] DEBUG:colcon.colcon_installed_package_information.package_discovery:Found 9 installed packages in /home/kv/ros2_ws/install
[2.396s] DEBUG:colcon.colcon_installed_package_information.package_discovery:Found 350 installed packages in /opt/ros/humble
[2.407s] Level 1:colcon.colcon_core.package_discovery:discover_packages(prefix_path) using defaults
[2.779s] Level 5:colcon.colcon_core.verb:set package 'me_py_pkg' build argument 'cmake_args' from command line to 'None'
[2.779s] Level 5:colcon.colcon_core.verb:set package 'me_py_pkg' build argument 'cmake_target' from command line to 'None'
[2.780s] Level 5:colcon.colcon_core.verb:set package 'me_py_pkg' build argument 'cmake_target_skip_unavailable' from command line to 'False'
[2.780s] Level 5:colcon.colcon_core.verb:set package 'me_py_pkg' build argument 'cmake_clean_cache' from command line to 'False'
[2.780s] Level 5:colcon.colcon_core.verb:set package 'me_py_pkg' build argument 'cmake_clean_first' from command line to 'False'
[2.780s] Level 5:colcon.colcon_core.verb:set package 'me_py_pkg' build argument 'cmake_force_configure' from command line to 'False'
[2.780s] Level 5:colcon.colcon_core.verb:set package 'me_py_pkg' build argument 'ament_cmake_args' from command line to 'None'
[2.780s] Level 5:colcon.colcon_core.verb:set package 'me_py_pkg' build argument 'catkin_cmake_args' from command line to 'None'
[2.780s] Level 5:colcon.colcon_core.verb:set package 'me_py_pkg' build argument 'catkin_skip_building_tests' from command line to 'False'
[2.781s] DEBUG:colcon.colcon_core.verb:Building package 'me_py_pkg' with the following arguments: {'ament_cmake_args': None, 'build_base': '/home/kv/ME_ws/build/me_py_pkg', 'catkin_cmake_args': None, 'catkin_skip_building_tests': False, 'cmake_args': None, 'cmake_clean_cache': False, 'cmake_clean_first': False, 'cmake_force_configure': False, 'cmake_target': None, 'cmake_target_skip_unavailable': False, 'install_base': '/home/kv/ME_ws/install/me_py_pkg', 'merge_install': False, 'path': '/home/kv/ME_ws/src/me_py_pkg', 'symlink_install': False, 'test_result_base': None}
[2.781s] INFO:colcon.colcon_core.executor:Executing jobs using 'parallel' executor
[2.788s] DEBUG:colcon.colcon_parallel_executor.executor.parallel:run_until_complete
[2.789s] INFO:colcon.colcon_ros.task.ament_python.build:Building ROS package in '/home/kv/ME_ws/src/me_py_pkg' with build type 'ament_python'
[2.790s] Level 1:colcon.colcon_core.shell:create_environment_hook('me_py_pkg', 'ament_prefix_path')
[2.800s] INFO:colcon.colcon_core.plugin_system:Skipping extension 'colcon_core.shell.bat': Not used on non-Windows systems
[2.801s] INFO:colcon.colcon_core.shell:Creating environment hook '/home/kv/ME_ws/install/me_py_pkg/share/me_py_pkg/hook/ament_prefix_path.ps1'
[2.804s] INFO:colcon.colcon_core.shell:Creating environment descriptor '/home/kv/ME_ws/install/me_py_pkg/share/me_py_pkg/hook/ament_prefix_path.dsv'
[2.806s] INFO:colcon.colcon_core.shell:Creating environment hook '/home/kv/ME_ws/install/me_py_pkg/share/me_py_pkg/hook/ament_prefix_path.sh'
[2.809s] INFO:colcon.colcon_core.shell:Skip shell extension 'powershell' for command environment: Not usable outside of PowerShell
[2.810s] DEBUG:colcon.colcon_core.shell:Skip shell extension 'dsv' for command environment
[4.890s] INFO:colcon.colcon_core.task.python.build:Building Python package in '/home/kv/ME_ws/src/me_py_pkg'
[4.891s] INFO:colcon.colcon_core.shell:Skip shell extension 'powershell' for command environment: Not usable outside of PowerShell
[4.891s] DEBUG:colcon.colcon_core.shell:Skip shell extension 'dsv' for command environment
[7.760s] DEBUG:colcon.colcon_core.event_handler.log_command:Invoking command in '/home/kv/ME_ws/build/me_py_pkg': PYTHONPATH=/home/kv/ME_ws/build/me_py_pkg/prefix_override:/home/kv/ME_ws/install/me_py_pkg/lib/python3.10/site-packages:${PYTHONPATH} /usr/bin/python3 -W ignore:setup.py install is deprecated setup.py develop --uninstall --editable --build-directory /home/kv/ME_ws/build/me_py_pkg/build
[11.084s] DEBUG:colcon.colcon_core.event_handler.log_command:Invoked command in '/home/kv/ME_ws/build/me_py_pkg' returned '0': PYTHONPATH=/home/kv/ME_ws/build/me_py_pkg/prefix_override:/home/kv/ME_ws/install/me_py_pkg/lib/python3.10/site-packages:${PYTHONPATH} /usr/bin/python3 -W ignore:setup.py install is deprecated setup.py develop --uninstall --editable --build-directory /home/kv/ME_ws/build/me_py_pkg/build
[11.092s] DEBUG:colcon.colcon_core.event_handler.log_command:Invoking command in '/home/kv/ME_ws/src/me_py_pkg': PYTHONPATH=/home/kv/ME_ws/build/me_py_pkg/prefix_override:/home/kv/ME_ws/install/me_py_pkg/lib/python3.10/site-packages:${PYTHONPATH} /usr/bin/python3 -W ignore:setup.py install is deprecated setup.py egg_info --egg-base ../../build/me_py_pkg build --build-base /home/kv/ME_ws/build/me_py_pkg/build install --record /home/kv/ME_ws/build/me_py_pkg/install.log --single-version-externally-managed install_data --force
[13.278s] DEBUG:colcon.colcon_core.event_handler.log_command:Invoked command in '/home/kv/ME_ws/src/me_py_pkg' returned '0': PYTHONPATH=/home/kv/ME_ws/build/me_py_pkg/prefix_override:/home/kv/ME_ws/install/me_py_pkg/lib/python3.10/site-packages:${PYTHONPATH} /usr/bin/python3 -W ignore:setup.py install is deprecated setup.py egg_info --egg-base ../../build/me_py_pkg build --build-base /home/kv/ME_ws/build/me_py_pkg/build install --record /home/kv/ME_ws/build/me_py_pkg/install.log --single-version-externally-managed install_data --force
[13.281s] Level 1:colcon.colcon_core.environment:checking '/home/kv/ME_ws/install/me_py_pkg' for CMake module files
[13.300s] Level 1:colcon.colcon_core.environment:checking '/home/kv/ME_ws/install/me_py_pkg' for CMake config files
[13.302s] Level 1:colcon.colcon_core.environment:checking '/home/kv/ME_ws/install/me_py_pkg/lib'
[13.302s] Level 1:colcon.colcon_core.environment:checking '/home/kv/ME_ws/install/me_py_pkg/bin'
[13.303s] Level 1:colcon.colcon_core.environment:checking '/home/kv/ME_ws/install/me_py_pkg/lib/pkgconfig/me_py_pkg.pc'
[13.304s] Level 1:colcon.colcon_core.environment:checking '/home/kv/ME_ws/install/me_py_pkg/lib/python3.10/site-packages'
[13.304s] Level 1:colcon.colcon_core.shell:create_environment_hook('me_py_pkg', 'pythonpath')
[13.311s] INFO:colcon.colcon_core.shell:Creating environment hook '/home/kv/ME_ws/install/me_py_pkg/share/me_py_pkg/hook/pythonpath.ps1'
[13.314s] INFO:colcon.colcon_core.shell:Creating environment descriptor '/home/kv/ME_ws/install/me_py_pkg/share/me_py_pkg/hook/pythonpath.dsv'
[13.315s] INFO:colcon.colcon_core.shell:Creating environment hook '/home/kv/ME_ws/install/me_py_pkg/share/me_py_pkg/hook/pythonpath.sh'
[13.317s] Level 1:colcon.colcon_core.environment:checking '/home/kv/ME_ws/install/me_py_pkg/bin'
[13.317s] Level 1:colcon.colcon_core.environment:create_environment_scripts_only(me_py_pkg)
[13.319s] INFO:colcon.colcon_core.shell:Creating package script '/home/kv/ME_ws/install/me_py_pkg/share/me_py_pkg/package.ps1'
[13.322s] INFO:colcon.colcon_core.shell:Creating package descriptor '/home/kv/ME_ws/install/me_py_pkg/share/me_py_pkg/package.dsv'
[13.324s] INFO:colcon.colcon_core.shell:Creating package script '/home/kv/ME_ws/install/me_py_pkg/share/me_py_pkg/package.sh'
[13.328s] INFO:colcon.colcon_core.shell:Creating package script '/home/kv/ME_ws/install/me_py_pkg/share/me_py_pkg/package.bash'
[13.332s] INFO:colcon.colcon_core.shell:Creating package script '/home/kv/ME_ws/install/me_py_pkg/share/me_py_pkg/package.zsh'
[13.354s] Level 1:colcon.colcon_core.environment:create_file_with_runtime_dependencies(/home/kv/ME_ws/install/me_py_pkg/share/colcon-core/packages/me_py_pkg)
[13.356s] DEBUG:colcon.colcon_parallel_executor.executor.parallel:closing loop
[13.357s] DEBUG:colcon.colcon_parallel_executor.executor.parallel:loop closed
[13.358s] DEBUG:colcon.colcon_parallel_executor.executor.parallel:run_until_complete finished with '0'
[13.358s] DEBUG:colcon.colcon_core.event_reactor:joining thread
[13.389s] INFO:colcon.colcon_core.plugin_system:Skipping extension 'colcon_notification.desktop_notification.terminal_notifier': Not used on non-Darwin systems
[13.390s] INFO:colcon.colcon_core.plugin_system:Skipping extension 'colcon_notification.desktop_notification.win32': Not used on non-Windows systems
[13.390s] INFO:colcon.colcon_notification.desktop_notification:Sending desktop notification using 'notify2'
[13.469s] DEBUG:colcon.colcon_core.event_reactor:joined thread
[13.471s] INFO:colcon.colcon_core.shell:Creating prefix script '/home/kv/ME_ws/install/local_setup.ps1'
[13.475s] INFO:colcon.colcon_core.shell:Creating prefix util module '/home/kv/ME_ws/install/_local_setup_util_ps1.py'
[13.482s] INFO:colcon.colcon_core.shell:Creating prefix chain script '/home/kv/ME_ws/install/setup.ps1'
[13.490s] INFO:colcon.colcon_core.shell:Creating prefix script '/home/kv/ME_ws/install/local_setup.sh'
[13.493s] INFO:colcon.colcon_core.shell:Creating prefix util module '/home/kv/ME_ws/install/_local_setup_util_sh.py'
[13.498s] INFO:colcon.colcon_core.shell:Creating prefix chain script '/home/kv/ME_ws/install/setup.sh'
[13.508s] INFO:colcon.colcon_core.shell:Creating prefix script '/home/kv/ME_ws/install/local_setup.bash'
[13.509s] INFO:colcon.colcon_core.shell:Creating prefix chain script '/home/kv/ME_ws/install/setup.bash'
[13.514s] INFO:colcon.colcon_core.shell:Creating prefix script '/home/kv/ME_ws/install/local_setup.zsh'
[13.517s] INFO:colcon.colcon_core.shell:Creating prefix chain script '/home/kv/ME_ws/install/setup.zsh'
