[4.788s] Invoking command in '/home/kv/ME_ws/src/me_py_pkg': PYTHONPATH=/home/kv/ME_ws/build/me_py_pkg/prefix_override:/home/kv/ME_ws/install/me_py_pkg/lib/python3.10/site-packages:${PYTHONPATH} /usr/bin/python3 -W ignore:setup.py install is deprecated setup.py egg_info --egg-base ../../build/me_py_pkg build --build-base /home/kv/ME_ws/build/me_py_pkg/build install --record /home/kv/ME_ws/build/me_py_pkg/install.log --single-version-externally-managed install_data
[6.571s] running egg_info
[6.575s] writing ../../build/me_py_pkg/me_py_pkg.egg-info/PKG-INFO
[6.584s] writing dependency_links to ../../build/me_py_pkg/me_py_pkg.egg-info/dependency_links.txt
[6.590s] writing entry points to ../../build/me_py_pkg/me_py_pkg.egg-info/entry_points.txt
[6.596s] writing requirements to ../../build/me_py_pkg/me_py_pkg.egg-info/requires.txt
[6.597s] writing top-level names to ../../build/me_py_pkg/me_py_pkg.egg-info/top_level.txt
[6.598s] reading manifest file '../../build/me_py_pkg/me_py_pkg.egg-info/SOURCES.txt'
[6.598s] writing manifest file '../../build/me_py_pkg/me_py_pkg.egg-info/SOURCES.txt'
[6.599s] running build
[6.599s] running build_py
[6.606s] running install
[6.610s] running install_lib
[6.628s] running install_data
[6.628s] running install_egg_info
[6.633s] removing '/home/kv/ME_ws/install/me_py_pkg/lib/python3.10/site-packages/me_py_pkg-0.0.0-py3.10.egg-info' (and everything under it)
[6.637s] Copying ../../build/me_py_pkg/me_py_pkg.egg-info to /home/kv/ME_ws/install/me_py_pkg/lib/python3.10/site-packages/me_py_pkg-0.0.0-py3.10.egg-info
[6.638s] running install_scripts
[6.782s] Installing py_node script to /home/kv/ME_ws/install/me_py_pkg/lib/me_py_pkg
[6.783s] Installing robot_news_station script to /home/kv/ME_ws/install/me_py_pkg/lib/me_py_pkg
[6.783s] Installing smartphone script to /home/kv/ME_ws/install/me_py_pkg/lib/me_py_pkg
[6.785s] writing list of installed files to '/home/kv/ME_ws/build/me_py_pkg/install.log'
[6.900s] Invoked command in '/home/kv/ME_ws/src/me_py_pkg' returned '0': PYTHONPATH=/home/kv/ME_ws/build/me_py_pkg/prefix_override:/home/kv/ME_ws/install/me_py_pkg/lib/python3.10/site-packages:${PYTHONPATH} /usr/bin/python3 -W ignore:setup.py install is deprecated setup.py egg_info --egg-base ../../build/me_py_pkg build --build-base /home/kv/ME_ws/build/me_py_pkg/build install --record /home/kv/ME_ws/build/me_py_pkg/install.log --single-version-externally-managed install_data
