[3.863s] Invoking command in '/home/kv/ME_ws/src/me_py_pkg': PYTHONPATH=/home/kv/ME_ws/build/me_py_pkg/prefix_override:/home/kv/ME_ws/install/me_py_pkg/lib/python3.10/site-packages:${PYTHONPATH} /usr/bin/python3 -W ignore:setup.py install is deprecated setup.py egg_info --egg-base ../../build/me_py_pkg build --build-base /home/kv/ME_ws/build/me_py_pkg/build install --record /home/kv/ME_ws/build/me_py_pkg/install.log --single-version-externally-managed install_data
[5.373s] running egg_info
[5.376s] writing ../../build/me_py_pkg/me_py_pkg.egg-info/PKG-INFO
[5.379s] writing dependency_links to ../../build/me_py_pkg/me_py_pkg.egg-info/dependency_links.txt
[5.379s] writing entry points to ../../build/me_py_pkg/me_py_pkg.egg-info/entry_points.txt
[5.381s] writing requirements to ../../build/me_py_pkg/me_py_pkg.egg-info/requires.txt
[5.383s] writing top-level names to ../../build/me_py_pkg/me_py_pkg.egg-info/top_level.txt
[5.392s] reading manifest file '../../build/me_py_pkg/me_py_pkg.egg-info/SOURCES.txt'
[5.396s] writing manifest file '../../build/me_py_pkg/me_py_pkg.egg-info/SOURCES.txt'
[5.398s] running build
[5.400s] running build_py
[5.401s] copying me_py_pkg/node_template.py -> /home/kv/ME_ws/build/me_py_pkg/build/lib/me_py_pkg
[5.418s] copying me_py_pkg/robot_news_station.py -> /home/kv/ME_ws/build/me_py_pkg/build/lib/me_py_pkg
[5.418s] running install
[5.419s] running install_lib
[5.419s] copying /home/kv/ME_ws/build/me_py_pkg/build/lib/me_py_pkg/node_template.py -> /home/kv/ME_ws/install/me_py_pkg/lib/python3.10/site-packages/me_py_pkg
[5.419s] copying /home/kv/ME_ws/build/me_py_pkg/build/lib/me_py_pkg/robot_news_station.py -> /home/kv/ME_ws/install/me_py_pkg/lib/python3.10/site-packages/me_py_pkg
[5.420s] byte-compiling /home/kv/ME_ws/install/me_py_pkg/lib/python3.10/site-packages/me_py_pkg/node_template.py to node_template.cpython-310.pyc
[5.420s] byte-compiling /home/kv/ME_ws/install/me_py_pkg/lib/python3.10/site-packages/me_py_pkg/robot_news_station.py to robot_news_station.cpython-310.pyc
[5.420s] running install_data
[5.420s] running install_egg_info
[5.426s] removing '/home/kv/ME_ws/install/me_py_pkg/lib/python3.10/site-packages/me_py_pkg-0.0.0-py3.10.egg-info' (and everything under it)
[5.428s] Copying ../../build/me_py_pkg/me_py_pkg.egg-info to /home/kv/ME_ws/install/me_py_pkg/lib/python3.10/site-packages/me_py_pkg-0.0.0-py3.10.egg-info
[5.432s] running install_scripts
[5.597s] Installing py_node script to /home/kv/ME_ws/install/me_py_pkg/lib/me_py_pkg
[5.604s] writing list of installed files to '/home/kv/ME_ws/build/me_py_pkg/install.log'
[5.729s] Invoked command in '/home/kv/ME_ws/src/me_py_pkg' returned '0': PYTHONPATH=/home/kv/ME_ws/build/me_py_pkg/prefix_override:/home/kv/ME_ws/install/me_py_pkg/lib/python3.10/site-packages:${PYTHONPATH} /usr/bin/python3 -W ignore:setup.py install is deprecated setup.py egg_info --egg-base ../../build/me_py_pkg build --build-base /home/kv/ME_ws/build/me_py_pkg/build install --record /home/kv/ME_ws/build/me_py_pkg/install.log --single-version-externally-managed install_data
