running develop
Removing /home/kv/ME_ws/install/me_py_pkg/lib/python3.10/site-packages/me-py-pkg.egg-link (link to .)
running egg_info
writing ../../build/me_py_pkg/me_py_pkg.egg-info/PKG-INFO
writing dependency_links to ../../build/me_py_pkg/me_py_pkg.egg-info/dependency_links.txt
writing entry points to ../../build/me_py_pkg/me_py_pkg.egg-info/entry_points.txt
writing requirements to ../../build/me_py_pkg/me_py_pkg.egg-info/requires.txt
writing top-level names to ../../build/me_py_pkg/me_py_pkg.egg-info/top_level.txt
reading manifest file '../../build/me_py_pkg/me_py_pkg.egg-info/SOURCES.txt'
writing manifest file '../../build/me_py_pkg/me_py_pkg.egg-info/SOURCES.txt'
running build
running build_py
copying me_py_pkg/my_first_node.py -> /home/kv/ME_ws/build/me_py_pkg/build/lib/me_py_pkg
running install
running install_lib
creating /home/kv/ME_ws/install/me_py_pkg/lib/python3.10/site-packages/me_py_pkg
copying /home/kv/ME_ws/build/me_py_pkg/build/lib/me_py_pkg/__init__.py -> /home/kv/ME_ws/install/me_py_pkg/lib/python3.10/site-packages/me_py_pkg
copying /home/kv/ME_ws/build/me_py_pkg/build/lib/me_py_pkg/my_first_node.py -> /home/kv/ME_ws/install/me_py_pkg/lib/python3.10/site-packages/me_py_pkg
byte-compiling /home/kv/ME_ws/install/me_py_pkg/lib/python3.10/site-packages/me_py_pkg/__init__.py to __init__.cpython-310.pyc
byte-compiling /home/kv/ME_ws/install/me_py_pkg/lib/python3.10/site-packages/me_py_pkg/my_first_node.py to my_first_node.cpython-310.pyc
running install_data
copying resource/me_py_pkg -> /home/kv/ME_ws/install/me_py_pkg/share/ament_index/resource_index/packages
copying package.xml -> /home/kv/ME_ws/install/me_py_pkg/share/me_py_pkg
running install_egg_info
Copying ../../build/me_py_pkg/me_py_pkg.egg-info to /home/kv/ME_ws/install/me_py_pkg/lib/python3.10/site-packages/me_py_pkg-0.0.0-py3.10.egg-info
running install_scripts
Installing py_node script to /home/kv/ME_ws/install/me_py_pkg/lib/me_py_pkg
writing list of installed files to '/home/kv/ME_ws/build/me_py_pkg/install.log'
