/home/kv/ME_ws/install/me_py_pkg/lib/python3.10/site-packages/me_py_pkg/node_template.py
/home/kv/ME_ws/install/me_py_pkg/lib/python3.10/site-packages/me_py_pkg/__init__.py
/home/kv/ME_ws/install/me_py_pkg/lib/python3.10/site-packages/me_py_pkg/my_first_node.py
/home/kv/ME_ws/install/me_py_pkg/lib/python3.10/site-packages/me_py_pkg/robot_news_station.py
/home/kv/ME_ws/install/me_py_pkg/lib/python3.10/site-packages/me_py_pkg/smartphone.py
/home/kv/ME_ws/install/me_py_pkg/lib/python3.10/site-packages/me_py_pkg/__pycache__/node_template.cpython-310.pyc
/home/kv/ME_ws/install/me_py_pkg/lib/python3.10/site-packages/me_py_pkg/__pycache__/__init__.cpython-310.pyc
/home/kv/ME_ws/install/me_py_pkg/lib/python3.10/site-packages/me_py_pkg/__pycache__/my_first_node.cpython-310.pyc
/home/kv/ME_ws/install/me_py_pkg/lib/python3.10/site-packages/me_py_pkg/__pycache__/robot_news_station.cpython-310.pyc
/home/kv/ME_ws/install/me_py_pkg/lib/python3.10/site-packages/me_py_pkg/__pycache__/smartphone.cpython-310.pyc
/home/kv/ME_ws/install/me_py_pkg/share/ament_index/resource_index/packages/me_py_pkg
/home/kv/ME_ws/install/me_py_pkg/share/me_py_pkg/package.xml
/home/kv/ME_ws/install/me_py_pkg/lib/python3.10/site-packages/me_py_pkg-0.0.0-py3.10.egg-info/top_level.txt
/home/kv/ME_ws/install/me_py_pkg/lib/python3.10/site-packages/me_py_pkg-0.0.0-py3.10.egg-info/dependency_links.txt
/home/kv/ME_ws/install/me_py_pkg/lib/python3.10/site-packages/me_py_pkg-0.0.0-py3.10.egg-info/entry_points.txt
/home/kv/ME_ws/install/me_py_pkg/lib/python3.10/site-packages/me_py_pkg-0.0.0-py3.10.egg-info/requires.txt
/home/kv/ME_ws/install/me_py_pkg/lib/python3.10/site-packages/me_py_pkg-0.0.0-py3.10.egg-info/PKG-INFO
/home/kv/ME_ws/install/me_py_pkg/lib/python3.10/site-packages/me_py_pkg-0.0.0-py3.10.egg-info/SOURCES.txt
/home/kv/ME_ws/install/me_py_pkg/lib/python3.10/site-packages/me_py_pkg-0.0.0-py3.10.egg-info/zip-safe
/home/kv/ME_ws/install/me_py_pkg/lib/me_py_pkg/py_node
/home/kv/ME_ws/install/me_py_pkg/lib/me_py_pkg/robot_news_station
/home/kv/ME_ws/install/me_py_pkg/lib/me_py_pkg/smartphone
