[0.530s] DEBUG:colcon:Command line arguments: ['/usr/bin/colcon', 'build']
[0.530s] DEBUG:colcon:Parsed command line arguments: Namespace(log_base=None, log_level=None, verb_name='build', build_base='build', install_base='install', merge_install=False, symlink_install=False, test_result_base=None, continue_on_error=False, executor='parallel', parallel_workers=3, event_handlers=None, ignore_user_meta=False, metas=['./colcon.meta'], base_paths=['.'], packages_ignore=None, packages_ignore_regex=None, paths=None, packages_up_to=None, packages_up_to_regex=None, packages_above=None, packages_above_and_dependencies=None, packages_above_depth=None, packages_select_by_dep=None, packages_skip_by_dep=None, packages_skip_up_to=None, packages_select_build_failed=False, packages_skip_build_finished=False, packages_select_test_failures=False, packages_skip_test_passed=False, packages_select=None, packages_skip=None, packages_select_regex=None, packages_skip_regex=None, packages_start=None, packages_end=None, allow_overriding=[], cmake_args=None, cmake_target=None, cmake_target_skip_unavailable=False, cmake_clean_cache=False, cmake_clean_first=False, cmake_force_configure=False, ament_cmake_args=None, catkin_cmake_args=None, catkin_skip_building_tests=False, verb_parser=<colcon_defaults.argument_parser.defaults.DefaultArgumentsDecorator object at 0x753863b34850>, verb_extension=<colcon_core.verb.build.BuildVerb object at 0x753863b343d0>, main=<bound method BuildVerb.main of <colcon_core.verb.build.BuildVerb object at 0x753863b343d0>>)
[1.741s] Level 1:colcon.colcon_core.package_discovery:discover_packages(colcon_meta) check parameters
[1.742s] Level 1:colcon.colcon_core.package_discovery:discover_packages(recursive) check parameters
[1.742s] Level 1:colcon.colcon_core.package_discovery:discover_packages(ignore) check parameters
[1.743s] Level 1:colcon.colcon_core.package_discovery:discover_packages(path) check parameters
[1.743s] Level 1:colcon.colcon_core.package_discovery:discover_packages(colcon_meta) discover
[1.743s] Level 1:colcon.colcon_core.package_discovery:discover_packages(recursive) discover
[1.743s] INFO:colcon.colcon_core.package_discovery:Crawling recursively for packages in '/home/kv/ME_ws'
[1.744s] Level 1:colcon.colcon_core.package_identification:_identify(.) by extensions ['ignore', 'ignore_ament_install']
[1.744s] Level 1:colcon.colcon_core.package_identification:_identify(.) by extension 'ignore'
[1.744s] Level 1:colcon.colcon_core.package_identification:_identify(.) by extension 'ignore_ament_install'
[1.745s] Level 1:colcon.colcon_core.package_identification:_identify(.) by extensions ['colcon_pkg']
[1.746s] Level 1:colcon.colcon_core.package_identification:_identify(.) by extension 'colcon_pkg'
[1.746s] Level 1:colcon.colcon_core.package_identification:_identify(.) by extensions ['colcon_meta']
[1.746s] Level 1:colcon.colcon_core.package_identification:_identify(.) by extension 'colcon_meta'
[1.747s] Level 1:colcon.colcon_core.package_identification:_identify(.) by extensions ['ros']
[1.747s] Level 1:colcon.colcon_core.package_identification:_identify(.) by extension 'ros'
[1.810s] Level 1:colcon.colcon_core.package_identification:_identify(.) by extensions ['cmake', 'python']
[1.810s] Level 1:colcon.colcon_core.package_identification:_identify(.) by extension 'cmake'
[1.811s] Level 1:colcon.colcon_core.package_identification:_identify(.) by extension 'python'
[1.812s] Level 1:colcon.colcon_core.package_identification:_identify(.) by extensions ['python_setup_py']
[1.812s] Level 1:colcon.colcon_core.package_identification:_identify(.) by extension 'python_setup_py'
[1.812s] Level 1:colcon.colcon_core.package_identification:_identify(build) by extensions ['ignore', 'ignore_ament_install']
[1.812s] Level 1:colcon.colcon_core.package_identification:_identify(build) by extension 'ignore'
[1.815s] Level 1:colcon.colcon_core.package_identification:_identify(build) ignored
[1.816s] Level 1:colcon.colcon_core.package_identification:_identify(install) by extensions ['ignore', 'ignore_ament_install']
[1.817s] Level 1:colcon.colcon_core.package_identification:_identify(install) by extension 'ignore'
[1.817s] Level 1:colcon.colcon_core.package_identification:_identify(install) ignored
[1.818s] Level 1:colcon.colcon_core.package_identification:_identify(log) by extensions ['ignore', 'ignore_ament_install']
[1.819s] Level 1:colcon.colcon_core.package_identification:_identify(log) by extension 'ignore'
[1.820s] Level 1:colcon.colcon_core.package_identification:_identify(log) ignored
[1.820s] Level 1:colcon.colcon_core.package_identification:_identify(src) by extensions ['ignore', 'ignore_ament_install']
[1.821s] Level 1:colcon.colcon_core.package_identification:_identify(src) by extension 'ignore'
[1.821s] Level 1:colcon.colcon_core.package_identification:_identify(src) by extension 'ignore_ament_install'
[1.822s] Level 1:colcon.colcon_core.package_identification:_identify(src) by extensions ['colcon_pkg']
[1.822s] Level 1:colcon.colcon_core.package_identification:_identify(src) by extension 'colcon_pkg'
[1.822s] Level 1:colcon.colcon_core.package_identification:_identify(src) by extensions ['colcon_meta']
[1.822s] Level 1:colcon.colcon_core.package_identification:_identify(src) by extension 'colcon_meta'
[1.823s] Level 1:colcon.colcon_core.package_identification:_identify(src) by extensions ['ros']
[1.823s] Level 1:colcon.colcon_core.package_identification:_identify(src) by extension 'ros'
[1.823s] Level 1:colcon.colcon_core.package_identification:_identify(src) by extensions ['cmake', 'python']
[1.823s] Level 1:colcon.colcon_core.package_identification:_identify(src) by extension 'cmake'
[1.824s] Level 1:colcon.colcon_core.package_identification:_identify(src) by extension 'python'
[1.824s] Level 1:colcon.colcon_core.package_identification:_identify(src) by extensions ['python_setup_py']
[1.825s] Level 1:colcon.colcon_core.package_identification:_identify(src) by extension 'python_setup_py'
[1.826s] Level 1:colcon.colcon_core.package_identification:_identify(src/me_py_pkg) by extensions ['ignore', 'ignore_ament_install']
[1.826s] Level 1:colcon.colcon_core.package_identification:_identify(src/me_py_pkg) by extension 'ignore'
[1.827s] Level 1:colcon.colcon_core.package_identification:_identify(src/me_py_pkg) by extension 'ignore_ament_install'
[1.827s] Level 1:colcon.colcon_core.package_identification:_identify(src/me_py_pkg) by extensions ['colcon_pkg']
[1.827s] Level 1:colcon.colcon_core.package_identification:_identify(src/me_py_pkg) by extension 'colcon_pkg'
[1.827s] Level 1:colcon.colcon_core.package_identification:_identify(src/me_py_pkg) by extensions ['colcon_meta']
[1.828s] Level 1:colcon.colcon_core.package_identification:_identify(src/me_py_pkg) by extension 'colcon_meta'
[1.828s] Level 1:colcon.colcon_core.package_identification:_identify(src/me_py_pkg) by extensions ['ros']
[1.828s] Level 1:colcon.colcon_core.package_identification:_identify(src/me_py_pkg) by extension 'ros'
[1.887s] DEBUG:colcon.colcon_core.package_identification:Package 'src/me_py_pkg' with type 'ros.ament_python' and name 'me_py_pkg'
[1.887s] Level 1:colcon.colcon_core.package_discovery:discover_packages(recursive) using defaults
[1.887s] Level 1:colcon.colcon_core.package_discovery:discover_packages(ignore) discover
[1.887s] Level 1:colcon.colcon_core.package_discovery:discover_packages(ignore) using defaults
[1.887s] Level 1:colcon.colcon_core.package_discovery:discover_packages(path) discover
[1.887s] Level 1:colcon.colcon_core.package_discovery:discover_packages(path) using defaults
[2.000s] Level 1:colcon.colcon_core.package_discovery:discover_packages(prefix_path) check parameters
[2.001s] Level 1:colcon.colcon_core.package_discovery:discover_packages(prefix_path) discover
[2.008s] DEBUG:colcon.colcon_installed_package_information.package_discovery:Found 1 installed packages in /home/kv/ME_ws/install
[2.010s] DEBUG:colcon.colcon_installed_package_information.package_discovery:Found 9 installed packages in /home/kv/ros2_ws/install
[2.020s] DEBUG:colcon.colcon_installed_package_information.package_discovery:Found 350 installed packages in /opt/ros/humble
[2.029s] Level 1:colcon.colcon_core.package_discovery:discover_packages(prefix_path) using defaults
[2.273s] Level 5:colcon.colcon_core.verb:set package 'me_py_pkg' build argument 'cmake_args' from command line to 'None'
[2.273s] Level 5:colcon.colcon_core.verb:set package 'me_py_pkg' build argument 'cmake_target' from command line to 'None'
[2.275s] Level 5:colcon.colcon_core.verb:set package 'me_py_pkg' build argument 'cmake_target_skip_unavailable' from command line to 'False'
[2.276s] Level 5:colcon.colcon_core.verb:set package 'me_py_pkg' build argument 'cmake_clean_cache' from command line to 'False'
[2.276s] Level 5:colcon.colcon_core.verb:set package 'me_py_pkg' build argument 'cmake_clean_first' from command line to 'False'
[2.277s] Level 5:colcon.colcon_core.verb:set package 'me_py_pkg' build argument 'cmake_force_configure' from command line to 'False'
[2.277s] Level 5:colcon.colcon_core.verb:set package 'me_py_pkg' build argument 'ament_cmake_args' from command line to 'None'
[2.277s] Level 5:colcon.colcon_core.verb:set package 'me_py_pkg' build argument 'catkin_cmake_args' from command line to 'None'
[2.278s] Level 5:colcon.colcon_core.verb:set package 'me_py_pkg' build argument 'catkin_skip_building_tests' from command line to 'False'
[2.279s] DEBUG:colcon.colcon_core.verb:Building package 'me_py_pkg' with the following arguments: {'ament_cmake_args': None, 'build_base': '/home/kv/ME_ws/build/me_py_pkg', 'catkin_cmake_args': None, 'catkin_skip_building_tests': False, 'cmake_args': None, 'cmake_clean_cache': False, 'cmake_clean_first': False, 'cmake_force_configure': False, 'cmake_target': None, 'cmake_target_skip_unavailable': False, 'install_base': '/home/kv/ME_ws/install/me_py_pkg', 'merge_install': False, 'path': '/home/kv/ME_ws/src/me_py_pkg', 'symlink_install': False, 'test_result_base': None}
[2.279s] INFO:colcon.colcon_core.executor:Executing jobs using 'parallel' executor
[2.286s] DEBUG:colcon.colcon_parallel_executor.executor.parallel:run_until_complete
[2.287s] INFO:colcon.colcon_ros.task.ament_python.build:Building ROS package in '/home/kv/ME_ws/src/me_py_pkg' with build type 'ament_python'
[2.287s] Level 1:colcon.colcon_core.shell:create_environment_hook('me_py_pkg', 'ament_prefix_path')
[2.299s] INFO:colcon.colcon_core.plugin_system:Skipping extension 'colcon_core.shell.bat': Not used on non-Windows systems
[2.301s] INFO:colcon.colcon_core.shell:Creating environment hook '/home/kv/ME_ws/install/me_py_pkg/share/me_py_pkg/hook/ament_prefix_path.ps1'
[2.305s] INFO:colcon.colcon_core.shell:Creating environment descriptor '/home/kv/ME_ws/install/me_py_pkg/share/me_py_pkg/hook/ament_prefix_path.dsv'
[2.308s] INFO:colcon.colcon_core.shell:Creating environment hook '/home/kv/ME_ws/install/me_py_pkg/share/me_py_pkg/hook/ament_prefix_path.sh'
[2.312s] INFO:colcon.colcon_core.shell:Skip shell extension 'powershell' for command environment: Not usable outside of PowerShell
[2.313s] DEBUG:colcon.colcon_core.shell:Skip shell extension 'dsv' for command environment
[4.025s] INFO:colcon.colcon_core.task.python.build:Building Python package in '/home/kv/ME_ws/src/me_py_pkg'
[4.026s] INFO:colcon.colcon_core.shell:Skip shell extension 'powershell' for command environment: Not usable outside of PowerShell
[4.027s] DEBUG:colcon.colcon_core.shell:Skip shell extension 'dsv' for command environment
[6.056s] DEBUG:colcon.colcon_core.event_handler.log_command:Invoking command in '/home/kv/ME_ws/src/me_py_pkg': PYTHONPATH=/home/kv/ME_ws/build/me_py_pkg/prefix_override:/home/kv/ME_ws/install/me_py_pkg/lib/python3.10/site-packages:${PYTHONPATH} /usr/bin/python3 -W ignore:setup.py install is deprecated setup.py egg_info --egg-base ../../build/me_py_pkg build --build-base /home/kv/ME_ws/build/me_py_pkg/build install --record /home/kv/ME_ws/build/me_py_pkg/install.log --single-version-externally-managed install_data
[7.840s] DEBUG:colcon.colcon_core.event_handler.log_command:Invoked command in '/home/kv/ME_ws/src/me_py_pkg' returned '0': PYTHONPATH=/home/kv/ME_ws/build/me_py_pkg/prefix_override:/home/kv/ME_ws/install/me_py_pkg/lib/python3.10/site-packages:${PYTHONPATH} /usr/bin/python3 -W ignore:setup.py install is deprecated setup.py egg_info --egg-base ../../build/me_py_pkg build --build-base /home/kv/ME_ws/build/me_py_pkg/build install --record /home/kv/ME_ws/build/me_py_pkg/install.log --single-version-externally-managed install_data
[7.850s] Level 1:colcon.colcon_core.environment:checking '/home/kv/ME_ws/install/me_py_pkg' for CMake module files
[7.851s] Level 1:colcon.colcon_core.environment:checking '/home/kv/ME_ws/install/me_py_pkg' for CMake config files
[7.854s] Level 1:colcon.colcon_core.environment:checking '/home/kv/ME_ws/install/me_py_pkg/lib'
[7.854s] Level 1:colcon.colcon_core.environment:checking '/home/kv/ME_ws/install/me_py_pkg/bin'
[7.855s] Level 1:colcon.colcon_core.environment:checking '/home/kv/ME_ws/install/me_py_pkg/lib/pkgconfig/me_py_pkg.pc'
[7.856s] Level 1:colcon.colcon_core.environment:checking '/home/kv/ME_ws/install/me_py_pkg/lib/python3.10/site-packages'
[7.856s] Level 1:colcon.colcon_core.shell:create_environment_hook('me_py_pkg', 'pythonpath')
[7.857s] INFO:colcon.colcon_core.shell:Creating environment hook '/home/kv/ME_ws/install/me_py_pkg/share/me_py_pkg/hook/pythonpath.ps1'
[7.858s] INFO:colcon.colcon_core.shell:Creating environment descriptor '/home/kv/ME_ws/install/me_py_pkg/share/me_py_pkg/hook/pythonpath.dsv'
[7.861s] INFO:colcon.colcon_core.shell:Creating environment hook '/home/kv/ME_ws/install/me_py_pkg/share/me_py_pkg/hook/pythonpath.sh'
[7.863s] Level 1:colcon.colcon_core.environment:checking '/home/kv/ME_ws/install/me_py_pkg/bin'
[7.864s] Level 1:colcon.colcon_core.environment:create_environment_scripts_only(me_py_pkg)
[7.866s] INFO:colcon.colcon_core.shell:Creating package script '/home/kv/ME_ws/install/me_py_pkg/share/me_py_pkg/package.ps1'
[7.872s] INFO:colcon.colcon_core.shell:Creating package descriptor '/home/kv/ME_ws/install/me_py_pkg/share/me_py_pkg/package.dsv'
[7.876s] INFO:colcon.colcon_core.shell:Creating package script '/home/kv/ME_ws/install/me_py_pkg/share/me_py_pkg/package.sh'
[7.880s] INFO:colcon.colcon_core.shell:Creating package script '/home/kv/ME_ws/install/me_py_pkg/share/me_py_pkg/package.bash'
[7.885s] INFO:colcon.colcon_core.shell:Creating package script '/home/kv/ME_ws/install/me_py_pkg/share/me_py_pkg/package.zsh'
[7.900s] Level 1:colcon.colcon_core.environment:create_file_with_runtime_dependencies(/home/kv/ME_ws/install/me_py_pkg/share/colcon-core/packages/me_py_pkg)
[7.917s] DEBUG:colcon.colcon_parallel_executor.executor.parallel:closing loop
[7.920s] DEBUG:colcon.colcon_parallel_executor.executor.parallel:loop closed
[7.924s] DEBUG:colcon.colcon_parallel_executor.executor.parallel:run_until_complete finished with '0'
[7.924s] DEBUG:colcon.colcon_core.event_reactor:joining thread
[7.952s] INFO:colcon.colcon_core.plugin_system:Skipping extension 'colcon_notification.desktop_notification.terminal_notifier': Not used on non-Darwin systems
[7.953s] INFO:colcon.colcon_core.plugin_system:Skipping extension 'colcon_notification.desktop_notification.win32': Not used on non-Windows systems
[7.957s] INFO:colcon.colcon_notification.desktop_notification:Sending desktop notification using 'notify2'
[8.044s] DEBUG:colcon.colcon_core.event_reactor:joined thread
[8.046s] INFO:colcon.colcon_core.shell:Creating prefix script '/home/kv/ME_ws/install/local_setup.ps1'
[8.051s] INFO:colcon.colcon_core.shell:Creating prefix util module '/home/kv/ME_ws/install/_local_setup_util_ps1.py'
[8.060s] INFO:colcon.colcon_core.shell:Creating prefix chain script '/home/kv/ME_ws/install/setup.ps1'
[8.093s] INFO:colcon.colcon_core.shell:Creating prefix script '/home/kv/ME_ws/install/local_setup.sh'
[8.109s] INFO:colcon.colcon_core.shell:Creating prefix util module '/home/kv/ME_ws/install/_local_setup_util_sh.py'
[8.111s] INFO:colcon.colcon_core.shell:Creating prefix chain script '/home/kv/ME_ws/install/setup.sh'
[8.121s] INFO:colcon.colcon_core.shell:Creating prefix script '/home/kv/ME_ws/install/local_setup.bash'
[8.123s] INFO:colcon.colcon_core.shell:Creating prefix chain script '/home/kv/ME_ws/install/setup.bash'
[8.129s] INFO:colcon.colcon_core.shell:Creating prefix script '/home/kv/ME_ws/install/local_setup.zsh'
[8.133s] INFO:colcon.colcon_core.shell:Creating prefix chain script '/home/kv/ME_ws/install/setup.zsh'
