[0.522s] DEBUG:colcon:Command line arguments: ['/usr/bin/colcon', 'build', '--symlink-install']
[0.523s] DEBUG:colcon:Parsed command line arguments: Namespace(log_base=None, log_level=None, verb_name='build', build_base='build', install_base='install', merge_install=False, symlink_install=True, test_result_base=None, continue_on_error=False, executor='parallel', parallel_workers=3, event_handlers=None, ignore_user_meta=False, metas=['./colcon.meta'], base_paths=['.'], packages_ignore=None, packages_ignore_regex=None, paths=None, packages_up_to=None, packages_up_to_regex=None, packages_above=None, packages_above_and_dependencies=None, packages_above_depth=None, packages_select_by_dep=None, packages_skip_by_dep=None, packages_skip_up_to=None, packages_select_build_failed=False, packages_skip_build_finished=False, packages_select_test_failures=False, packages_skip_test_passed=False, packages_select=None, packages_skip=None, packages_select_regex=None, packages_skip_regex=None, packages_start=None, packages_end=None, allow_overriding=[], cmake_args=None, cmake_target=None, cmake_target_skip_unavailable=False, cmake_clean_cache=False, cmake_clean_first=False, cmake_force_configure=False, ament_cmake_args=None, catkin_cmake_args=None, catkin_skip_building_tests=False, verb_parser=<colcon_defaults.argument_parser.defaults.DefaultArgumentsDecorator object at 0x74ec7f72c910>, verb_extension=<colcon_core.verb.build.BuildVerb object at 0x74ec7f72c490>, main=<bound method BuildVerb.main of <colcon_core.verb.build.BuildVerb object at 0x74ec7f72c490>>)
[1.466s] Level 1:colcon.colcon_core.package_discovery:discover_packages(colcon_meta) check parameters
[1.467s] Level 1:colcon.colcon_core.package_discovery:discover_packages(recursive) check parameters
[1.467s] Level 1:colcon.colcon_core.package_discovery:discover_packages(ignore) check parameters
[1.467s] Level 1:colcon.colcon_core.package_discovery:discover_packages(path) check parameters
[1.467s] Level 1:colcon.colcon_core.package_discovery:discover_packages(colcon_meta) discover
[1.467s] Level 1:colcon.colcon_core.package_discovery:discover_packages(recursive) discover
[1.468s] INFO:colcon.colcon_core.package_discovery:Crawling recursively for packages in '/home/kv/ME_ws'
[1.468s] Level 1:colcon.colcon_core.package_identification:_identify(.) by extensions ['ignore', 'ignore_ament_install']
[1.469s] Level 1:colcon.colcon_core.package_identification:_identify(.) by extension 'ignore'
[1.469s] Level 1:colcon.colcon_core.package_identification:_identify(.) by extension 'ignore_ament_install'
[1.469s] Level 1:colcon.colcon_core.package_identification:_identify(.) by extensions ['colcon_pkg']
[1.469s] Level 1:colcon.colcon_core.package_identification:_identify(.) by extension 'colcon_pkg'
[1.469s] Level 1:colcon.colcon_core.package_identification:_identify(.) by extensions ['colcon_meta']
[1.469s] Level 1:colcon.colcon_core.package_identification:_identify(.) by extension 'colcon_meta'
[1.470s] Level 1:colcon.colcon_core.package_identification:_identify(.) by extensions ['ros']
[1.470s] Level 1:colcon.colcon_core.package_identification:_identify(.) by extension 'ros'
[1.512s] Level 1:colcon.colcon_core.package_identification:_identify(.) by extensions ['cmake', 'python']
[1.513s] Level 1:colcon.colcon_core.package_identification:_identify(.) by extension 'cmake'
[1.513s] Level 1:colcon.colcon_core.package_identification:_identify(.) by extension 'python'
[1.513s] Level 1:colcon.colcon_core.package_identification:_identify(.) by extensions ['python_setup_py']
[1.513s] Level 1:colcon.colcon_core.package_identification:_identify(.) by extension 'python_setup_py'
[1.514s] Level 1:colcon.colcon_core.package_identification:_identify(build) by extensions ['ignore', 'ignore_ament_install']
[1.514s] Level 1:colcon.colcon_core.package_identification:_identify(build) by extension 'ignore'
[1.514s] Level 1:colcon.colcon_core.package_identification:_identify(build) ignored
[1.515s] Level 1:colcon.colcon_core.package_identification:_identify(install) by extensions ['ignore', 'ignore_ament_install']
[1.515s] Level 1:colcon.colcon_core.package_identification:_identify(install) by extension 'ignore'
[1.515s] Level 1:colcon.colcon_core.package_identification:_identify(install) ignored
[1.516s] Level 1:colcon.colcon_core.package_identification:_identify(log) by extensions ['ignore', 'ignore_ament_install']
[1.516s] Level 1:colcon.colcon_core.package_identification:_identify(log) by extension 'ignore'
[1.516s] Level 1:colcon.colcon_core.package_identification:_identify(log) ignored
[1.516s] Level 1:colcon.colcon_core.package_identification:_identify(src) by extensions ['ignore', 'ignore_ament_install']
[1.517s] Level 1:colcon.colcon_core.package_identification:_identify(src) by extension 'ignore'
[1.517s] Level 1:colcon.colcon_core.package_identification:_identify(src) by extension 'ignore_ament_install'
[1.517s] Level 1:colcon.colcon_core.package_identification:_identify(src) by extensions ['colcon_pkg']
[1.517s] Level 1:colcon.colcon_core.package_identification:_identify(src) by extension 'colcon_pkg'
[1.517s] Level 1:colcon.colcon_core.package_identification:_identify(src) by extensions ['colcon_meta']
[1.517s] Level 1:colcon.colcon_core.package_identification:_identify(src) by extension 'colcon_meta'
[1.518s] Level 1:colcon.colcon_core.package_identification:_identify(src) by extensions ['ros']
[1.518s] Level 1:colcon.colcon_core.package_identification:_identify(src) by extension 'ros'
[1.518s] Level 1:colcon.colcon_core.package_identification:_identify(src) by extensions ['cmake', 'python']
[1.518s] Level 1:colcon.colcon_core.package_identification:_identify(src) by extension 'cmake'
[1.518s] Level 1:colcon.colcon_core.package_identification:_identify(src) by extension 'python'
[1.518s] Level 1:colcon.colcon_core.package_identification:_identify(src) by extensions ['python_setup_py']
[1.518s] Level 1:colcon.colcon_core.package_identification:_identify(src) by extension 'python_setup_py'
[1.519s] Level 1:colcon.colcon_core.package_identification:_identify(src/me_py_pkg) by extensions ['ignore', 'ignore_ament_install']
[1.519s] Level 1:colcon.colcon_core.package_identification:_identify(src/me_py_pkg) by extension 'ignore'
[1.519s] Level 1:colcon.colcon_core.package_identification:_identify(src/me_py_pkg) by extension 'ignore_ament_install'
[1.519s] Level 1:colcon.colcon_core.package_identification:_identify(src/me_py_pkg) by extensions ['colcon_pkg']
[1.519s] Level 1:colcon.colcon_core.package_identification:_identify(src/me_py_pkg) by extension 'colcon_pkg'
[1.519s] Level 1:colcon.colcon_core.package_identification:_identify(src/me_py_pkg) by extensions ['colcon_meta']
[1.519s] Level 1:colcon.colcon_core.package_identification:_identify(src/me_py_pkg) by extension 'colcon_meta'
[1.519s] Level 1:colcon.colcon_core.package_identification:_identify(src/me_py_pkg) by extensions ['ros']
[1.520s] Level 1:colcon.colcon_core.package_identification:_identify(src/me_py_pkg) by extension 'ros'
[1.529s] DEBUG:colcon.colcon_core.package_identification:Package 'src/me_py_pkg' with type 'ros.ament_python' and name 'me_py_pkg'
[1.529s] Level 1:colcon.colcon_core.package_discovery:discover_packages(recursive) using defaults
[1.529s] Level 1:colcon.colcon_core.package_discovery:discover_packages(ignore) discover
[1.529s] Level 1:colcon.colcon_core.package_discovery:discover_packages(ignore) using defaults
[1.529s] Level 1:colcon.colcon_core.package_discovery:discover_packages(path) discover
[1.529s] Level 1:colcon.colcon_core.package_discovery:discover_packages(path) using defaults
[1.663s] Level 1:colcon.colcon_core.package_discovery:discover_packages(prefix_path) check parameters
[1.664s] Level 1:colcon.colcon_core.package_discovery:discover_packages(prefix_path) discover
[1.674s] DEBUG:colcon.colcon_installed_package_information.package_discovery:Found 1 installed packages in /home/kv/ME_ws/install
[1.678s] DEBUG:colcon.colcon_installed_package_information.package_discovery:Found 9 installed packages in /home/kv/ros2_ws/install
[1.684s] DEBUG:colcon.colcon_installed_package_information.package_discovery:Found 350 installed packages in /opt/ros/humble
[1.692s] Level 1:colcon.colcon_core.package_discovery:discover_packages(prefix_path) using defaults
[1.942s] Level 5:colcon.colcon_core.verb:set package 'me_py_pkg' build argument 'cmake_args' from command line to 'None'
[1.943s] Level 5:colcon.colcon_core.verb:set package 'me_py_pkg' build argument 'cmake_target' from command line to 'None'
[1.943s] Level 5:colcon.colcon_core.verb:set package 'me_py_pkg' build argument 'cmake_target_skip_unavailable' from command line to 'False'
[1.943s] Level 5:colcon.colcon_core.verb:set package 'me_py_pkg' build argument 'cmake_clean_cache' from command line to 'False'
[1.943s] Level 5:colcon.colcon_core.verb:set package 'me_py_pkg' build argument 'cmake_clean_first' from command line to 'False'
[1.943s] Level 5:colcon.colcon_core.verb:set package 'me_py_pkg' build argument 'cmake_force_configure' from command line to 'False'
[1.943s] Level 5:colcon.colcon_core.verb:set package 'me_py_pkg' build argument 'ament_cmake_args' from command line to 'None'
[1.943s] Level 5:colcon.colcon_core.verb:set package 'me_py_pkg' build argument 'catkin_cmake_args' from command line to 'None'
[1.943s] Level 5:colcon.colcon_core.verb:set package 'me_py_pkg' build argument 'catkin_skip_building_tests' from command line to 'False'
[1.944s] DEBUG:colcon.colcon_core.verb:Building package 'me_py_pkg' with the following arguments: {'ament_cmake_args': None, 'build_base': '/home/kv/ME_ws/build/me_py_pkg', 'catkin_cmake_args': None, 'catkin_skip_building_tests': False, 'cmake_args': None, 'cmake_clean_cache': False, 'cmake_clean_first': False, 'cmake_force_configure': False, 'cmake_target': None, 'cmake_target_skip_unavailable': False, 'install_base': '/home/kv/ME_ws/install/me_py_pkg', 'merge_install': False, 'path': '/home/kv/ME_ws/src/me_py_pkg', 'symlink_install': True, 'test_result_base': None}
[1.944s] INFO:colcon.colcon_core.executor:Executing jobs using 'parallel' executor
[1.948s] DEBUG:colcon.colcon_parallel_executor.executor.parallel:run_until_complete
[1.949s] INFO:colcon.colcon_ros.task.ament_python.build:Building ROS package in '/home/kv/ME_ws/src/me_py_pkg' with build type 'ament_python'
[1.950s] Level 1:colcon.colcon_core.shell:create_environment_hook('me_py_pkg', 'ament_prefix_path')
[1.957s] INFO:colcon.colcon_core.plugin_system:Skipping extension 'colcon_core.shell.bat': Not used on non-Windows systems
[1.958s] INFO:colcon.colcon_core.shell:Creating environment hook '/home/kv/ME_ws/install/me_py_pkg/share/me_py_pkg/hook/ament_prefix_path.ps1'
[1.960s] INFO:colcon.colcon_core.shell:Creating environment descriptor '/home/kv/ME_ws/install/me_py_pkg/share/me_py_pkg/hook/ament_prefix_path.dsv'
[1.961s] INFO:colcon.colcon_core.shell:Creating environment hook '/home/kv/ME_ws/install/me_py_pkg/share/me_py_pkg/hook/ament_prefix_path.sh'
[1.965s] INFO:colcon.colcon_core.shell:Skip shell extension 'powershell' for command environment: Not usable outside of PowerShell
[1.965s] DEBUG:colcon.colcon_core.shell:Skip shell extension 'dsv' for command environment
[3.529s] INFO:colcon.colcon_core.task.python.build:Building Python package in '/home/kv/ME_ws/src/me_py_pkg'
[3.530s] INFO:colcon.colcon_core.shell:Skip shell extension 'powershell' for command environment: Not usable outside of PowerShell
[3.531s] DEBUG:colcon.colcon_core.shell:Skip shell extension 'dsv' for command environment
[5.478s] DEBUG:colcon.colcon_core.task.python.build:While undoing a previous installation files outside the Python library path are being ignored: /home/kv/ME_ws/install/me_py_pkg/share/ament_index/resource_index/packages/me_py_pkg
[5.478s] DEBUG:colcon.colcon_core.task.python.build:While undoing a previous installation files outside the Python library path are being ignored: /home/kv/ME_ws/install/me_py_pkg/share/me_py_pkg/package.xml
[5.479s] DEBUG:colcon.colcon_core.task.python.build:While undoing a previous installation files outside the Python library path are being ignored: /home/kv/ME_ws/install/me_py_pkg/lib/me_py_pkg/py_node
[5.479s] DEBUG:colcon.colcon_core.task.python.build:While undoing a previous installation files outside the Python library path are being ignored: /home/kv/ME_ws/install/me_py_pkg/lib/me_py_pkg/robot_news_station
[5.511s] DEBUG:colcon.colcon_core.event_handler.log_command:Invoking command in '/home/kv/ME_ws/build/me_py_pkg': PYTHONPATH=/home/kv/ME_ws/build/me_py_pkg/prefix_override:/home/kv/ME_ws/install/me_py_pkg/lib/python3.10/site-packages:${PYTHONPATH} /usr/bin/python3 -W ignore:setup.py install is deprecated setup.py develop --editable --build-directory /home/kv/ME_ws/build/me_py_pkg/build --no-deps symlink_data --force
[8.629s] Level 1:colcon.colcon_core.shell:create_environment_hook('me_py_pkg', 'pythonpath_develop')
[8.630s] INFO:colcon.colcon_core.shell:Creating environment hook '/home/kv/ME_ws/build/me_py_pkg/share/me_py_pkg/hook/pythonpath_develop.ps1'
[8.632s] DEBUG:colcon.colcon_core.event_handler.log_command:Invoked command in '/home/kv/ME_ws/build/me_py_pkg' returned '0': PYTHONPATH=/home/kv/ME_ws/build/me_py_pkg/prefix_override:/home/kv/ME_ws/install/me_py_pkg/lib/python3.10/site-packages:${PYTHONPATH} /usr/bin/python3 -W ignore:setup.py install is deprecated setup.py develop --editable --build-directory /home/kv/ME_ws/build/me_py_pkg/build --no-deps symlink_data --force
[8.638s] INFO:colcon.colcon_core.shell:Creating environment descriptor '/home/kv/ME_ws/build/me_py_pkg/share/me_py_pkg/hook/pythonpath_develop.dsv'
[8.642s] INFO:colcon.colcon_core.shell:Creating environment hook '/home/kv/ME_ws/build/me_py_pkg/share/me_py_pkg/hook/pythonpath_develop.sh'
[8.658s] Level 1:colcon.colcon_core.environment:checking '/home/kv/ME_ws/install/me_py_pkg' for CMake module files
[8.660s] Level 1:colcon.colcon_core.environment:checking '/home/kv/ME_ws/install/me_py_pkg' for CMake config files
[8.662s] Level 1:colcon.colcon_core.environment:checking '/home/kv/ME_ws/install/me_py_pkg/lib'
[8.663s] Level 1:colcon.colcon_core.environment:checking '/home/kv/ME_ws/install/me_py_pkg/bin'
[8.663s] Level 1:colcon.colcon_core.environment:checking '/home/kv/ME_ws/install/me_py_pkg/lib/pkgconfig/me_py_pkg.pc'
[8.665s] Level 1:colcon.colcon_core.environment:checking '/home/kv/ME_ws/install/me_py_pkg/lib/python3.10/site-packages'
[8.665s] Level 1:colcon.colcon_core.shell:create_environment_hook('me_py_pkg', 'pythonpath')
[8.666s] INFO:colcon.colcon_core.shell:Creating environment hook '/home/kv/ME_ws/install/me_py_pkg/share/me_py_pkg/hook/pythonpath.ps1'
[8.668s] INFO:colcon.colcon_core.shell:Creating environment descriptor '/home/kv/ME_ws/install/me_py_pkg/share/me_py_pkg/hook/pythonpath.dsv'
[8.669s] INFO:colcon.colcon_core.shell:Creating environment hook '/home/kv/ME_ws/install/me_py_pkg/share/me_py_pkg/hook/pythonpath.sh'
[8.672s] Level 1:colcon.colcon_core.environment:checking '/home/kv/ME_ws/install/me_py_pkg/bin'
[8.672s] Level 1:colcon.colcon_core.environment:create_environment_scripts_only(me_py_pkg)
[8.674s] INFO:colcon.colcon_core.shell:Creating package script '/home/kv/ME_ws/install/me_py_pkg/share/me_py_pkg/package.ps1'
[8.680s] INFO:colcon.colcon_core.shell:Creating package descriptor '/home/kv/ME_ws/install/me_py_pkg/share/me_py_pkg/package.dsv'
[8.684s] INFO:colcon.colcon_core.shell:Creating package script '/home/kv/ME_ws/install/me_py_pkg/share/me_py_pkg/package.sh'
[8.688s] INFO:colcon.colcon_core.shell:Creating package script '/home/kv/ME_ws/install/me_py_pkg/share/me_py_pkg/package.bash'
[8.692s] INFO:colcon.colcon_core.shell:Creating package script '/home/kv/ME_ws/install/me_py_pkg/share/me_py_pkg/package.zsh'
[8.707s] Level 1:colcon.colcon_core.environment:create_file_with_runtime_dependencies(/home/kv/ME_ws/install/me_py_pkg/share/colcon-core/packages/me_py_pkg)
[8.711s] DEBUG:colcon.colcon_parallel_executor.executor.parallel:closing loop
[8.713s] DEBUG:colcon.colcon_parallel_executor.executor.parallel:loop closed
[8.713s] DEBUG:colcon.colcon_parallel_executor.executor.parallel:run_until_complete finished with '0'
[8.713s] DEBUG:colcon.colcon_core.event_reactor:joining thread
[8.736s] INFO:colcon.colcon_core.plugin_system:Skipping extension 'colcon_notification.desktop_notification.terminal_notifier': Not used on non-Darwin systems
[8.737s] INFO:colcon.colcon_core.plugin_system:Skipping extension 'colcon_notification.desktop_notification.win32': Not used on non-Windows systems
[8.737s] INFO:colcon.colcon_notification.desktop_notification:Sending desktop notification using 'notify2'
[8.806s] DEBUG:colcon.colcon_core.event_reactor:joined thread
[8.807s] INFO:colcon.colcon_core.shell:Creating prefix script '/home/kv/ME_ws/install/local_setup.ps1'
[8.812s] INFO:colcon.colcon_core.shell:Creating prefix util module '/home/kv/ME_ws/install/_local_setup_util_ps1.py'
[8.819s] INFO:colcon.colcon_core.shell:Creating prefix chain script '/home/kv/ME_ws/install/setup.ps1'
[8.825s] INFO:colcon.colcon_core.shell:Creating prefix script '/home/kv/ME_ws/install/local_setup.sh'
[8.827s] INFO:colcon.colcon_core.shell:Creating prefix util module '/home/kv/ME_ws/install/_local_setup_util_sh.py'
[8.830s] INFO:colcon.colcon_core.shell:Creating prefix chain script '/home/kv/ME_ws/install/setup.sh'
[8.852s] INFO:colcon.colcon_core.shell:Creating prefix script '/home/kv/ME_ws/install/local_setup.bash'
[8.854s] INFO:colcon.colcon_core.shell:Creating prefix chain script '/home/kv/ME_ws/install/setup.bash'
[8.862s] INFO:colcon.colcon_core.shell:Creating prefix script '/home/kv/ME_ws/install/local_setup.zsh'
[8.864s] INFO:colcon.colcon_core.shell:Creating prefix chain script '/home/kv/ME_ws/install/setup.zsh'
